TOTAL TESTING SCORE: 47.4%

- - - - - - - - - - - - - - - - - - - - - - - - - - - - - - - - - - - - - - 

SUMMARY BY TEST SET

Test Set                                      Pts Max  % Ttl  % Max
--------------------------------------------- --- --- ------ ------
tests/filesys/extended/Rubric.functionality     1/ 34   0.9%/ 30.0%
tests/filesys/extended/Rubric.robustness        1/ 10   1.5%/ 15.0%
tests/filesys/extended/Rubric.persistence       0/ 23   0.0%/ 20.0%
tests/filesys/base/Rubric                      30/ 30  20.0%/ 20.0%
tests/userprog/Rubric.functionality           108/108  10.0%/ 10.0%
tests/userprog/Rubric.robustness               88/ 88   5.0%/  5.0%
tests/vm/Rubric.functionality                  55/ 55   8.0%/  8.0%
tests/vm/Rubric.robustness                     28/ 28   2.0%/  2.0%
--------------------------------------------- --- --- ------ ------
Total                                                  47.4%/110.0%

- - - - - - - - - - - - - - - - - - - - - - - - - - - - - - - - - - - - - - 

SUMMARY OF INDIVIDUAL TESTS

Functionality of extended file system (tests/filesys/extended/Rubric.functionality):
	- Test directory support.
	  ** 0/ 1 tests/filesys/extended/dir-mkdir
	  ** 0/ 3 tests/filesys/extended/dir-mk-tree

	  ** 0/ 1 tests/filesys/extended/dir-rmdir
	  ** 0/ 3 tests/filesys/extended/dir-rm-tree

	  ** 0/ 5 tests/filesys/extended/dir-vine

	- Test file growth.
	     1/ 1 tests/filesys/extended/grow-create
	  ** 0/ 1 tests/filesys/extended/grow-seq-sm
	  ** 0/ 3 tests/filesys/extended/grow-seq-lg
	  ** 0/ 3 tests/filesys/extended/grow-sparse
	  ** 0/ 3 tests/filesys/extended/grow-two-files
	  ** 0/ 1 tests/filesys/extended/grow-tell
	  ** 0/ 1 tests/filesys/extended/grow-file-size

	- Test directory growth.
	  ** 0/ 1 tests/filesys/extended/grow-dir-lg
	  ** 0/ 1 tests/filesys/extended/grow-root-sm
	  ** 0/ 1 tests/filesys/extended/grow-root-lg

	- Test writing from multiple processes.
	  ** 0/ 5 tests/filesys/extended/syn-rw

	- Section summary.
	      1/ 16 tests passed
	      1/ 34 points subtotal

Robustness of file system (tests/filesys/extended/Rubric.robustness):
	  ** 0/ 1 tests/filesys/extended/dir-empty-name
	  ** 0/ 1 tests/filesys/extended/dir-open
	  ** 0/ 1 tests/filesys/extended/dir-over-file
	  ** 0/ 1 tests/filesys/extended/dir-under-file

	  ** 0/ 3 tests/filesys/extended/dir-rm-cwd
	  ** 0/ 2 tests/filesys/extended/dir-rm-parent
	     1/ 1 tests/filesys/extended/dir-rm-root

	- Section summary.
	      1/  7 tests passed
	      1/ 10 points subtotal

Persistence of file system (tests/filesys/extended/Rubric.persistence):
	  ** 0/ 1 tests/filesys/extended/dir-empty-name-persistence
	  ** 0/ 1 tests/filesys/extended/dir-mk-tree-persistence
	  ** 0/ 1 tests/filesys/extended/dir-mkdir-persistence
	  ** 0/ 1 tests/filesys/extended/dir-open-persistence
	  ** 0/ 1 tests/filesys/extended/dir-over-file-persistence
	  ** 0/ 1 tests/filesys/extended/dir-rm-cwd-persistence
	  ** 0/ 1 tests/filesys/extended/dir-rm-parent-persistence
	  ** 0/ 1 tests/filesys/extended/dir-rm-root-persistence
	  ** 0/ 1 tests/filesys/extended/dir-rm-tree-persistence
	  ** 0/ 1 tests/filesys/extended/dir-rmdir-persistence
	  ** 0/ 1 tests/filesys/extended/dir-under-file-persistence
	  ** 0/ 1 tests/filesys/extended/dir-vine-persistence
	  ** 0/ 1 tests/filesys/extended/grow-create-persistence
	  ** 0/ 1 tests/filesys/extended/grow-dir-lg-persistence
	  ** 0/ 1 tests/filesys/extended/grow-file-size-persistence
	  ** 0/ 1 tests/filesys/extended/grow-root-lg-persistence
	  ** 0/ 1 tests/filesys/extended/grow-root-sm-persistence
	  ** 0/ 1 tests/filesys/extended/grow-seq-lg-persistence
	  ** 0/ 1 tests/filesys/extended/grow-seq-sm-persistence
	  ** 0/ 1 tests/filesys/extended/grow-sparse-persistence
	  ** 0/ 1 tests/filesys/extended/grow-tell-persistence
	  ** 0/ 1 tests/filesys/extended/grow-two-files-persistence
	  ** 0/ 1 tests/filesys/extended/syn-rw-persistence

	- Section summary.
	      0/ 23 tests passed
	      0/ 23 points subtotal

Functionality of base file system (tests/filesys/base/Rubric):
	- Test basic support for small files.
	     1/ 1 tests/filesys/base/sm-create
	     2/ 2 tests/filesys/base/sm-full
	     2/ 2 tests/filesys/base/sm-random
	     2/ 2 tests/filesys/base/sm-seq-block
	     3/ 3 tests/filesys/base/sm-seq-random

	- Test basic support for large files.
	     1/ 1 tests/filesys/base/lg-create
	     2/ 2 tests/filesys/base/lg-full
	     2/ 2 tests/filesys/base/lg-random
	     2/ 2 tests/filesys/base/lg-seq-block
	     3/ 3 tests/filesys/base/lg-seq-random

	- Test synchronized multiprogram access to files.
	     4/ 4 tests/filesys/base/syn-read
	     4/ 4 tests/filesys/base/syn-write
	     2/ 2 tests/filesys/base/syn-remove

	- Section summary.
	     13/ 13 tests passed
	     30/ 30 points subtotal

Functionality of system calls (tests/userprog/Rubric.functionality):
	- Test argument passing on Pintos command line.
	     3/ 3 tests/userprog/args-none
	     3/ 3 tests/userprog/args-single
	     3/ 3 tests/userprog/args-multiple
	     3/ 3 tests/userprog/args-many
	     3/ 3 tests/userprog/args-dbl-space

	- Test "create" system call.
	     3/ 3 tests/userprog/create-empty
	     3/ 3 tests/userprog/create-long
	     3/ 3 tests/userprog/create-normal
	     3/ 3 tests/userprog/create-exists

	- Test "open" system call.
	     3/ 3 tests/userprog/open-missing
	     3/ 3 tests/userprog/open-normal
	     3/ 3 tests/userprog/open-twice

	- Test "read" system call.
	     3/ 3 tests/userprog/read-normal
	     3/ 3 tests/userprog/read-zero

	- Test "write" system call.
	     3/ 3 tests/userprog/write-normal
	     3/ 3 tests/userprog/write-zero

	- Test "close" system call.
	     3/ 3 tests/userprog/close-normal

	- Test "exec" system call.
	     5/ 5 tests/userprog/exec-once
	     5/ 5 tests/userprog/exec-multiple
	     5/ 5 tests/userprog/exec-arg

	- Test "wait" system call.
	     5/ 5 tests/userprog/wait-simple
	     5/ 5 tests/userprog/wait-twice

	- Test "exit" system call.
	     5/ 5 tests/userprog/exit

	- Test "halt" system call.
	     3/ 3 tests/userprog/halt

	- Test recursive execution of user programs.
	    15/15 tests/userprog/multi-recurse

	- Test read-only executable feature.
	     3/ 3 tests/userprog/rox-simple
	     3/ 3 tests/userprog/rox-child
	     3/ 3 tests/userprog/rox-multichild

	- Section summary.
	     28/ 28 tests passed
	    108/108 points subtotal

Robustness of system calls (tests/userprog/Rubric.robustness):
	- Test robustness of file descriptor handling.
	     2/ 2 tests/userprog/close-stdin
	     2/ 2 tests/userprog/close-stdout
	     2/ 2 tests/userprog/close-bad-fd
	     2/ 2 tests/userprog/close-twice
	     2/ 2 tests/userprog/read-bad-fd
	     2/ 2 tests/userprog/read-stdout
	     2/ 2 tests/userprog/write-bad-fd
	     2/ 2 tests/userprog/write-stdin
	     2/ 2 tests/userprog/multi-child-fd

	- Test robustness of pointer handling.
	     3/ 3 tests/userprog/create-bad-ptr
	     3/ 3 tests/userprog/exec-bad-ptr
	     3/ 3 tests/userprog/open-bad-ptr
	     3/ 3 tests/userprog/read-bad-ptr
	     3/ 3 tests/userprog/write-bad-ptr

	- Test robustness of buffer copying across page boundaries.
	     3/ 3 tests/userprog/create-bound
	     3/ 3 tests/userprog/open-boundary
	     3/ 3 tests/userprog/read-boundary
	     3/ 3 tests/userprog/write-boundary

	- Test handling of null pointer and empty strings.
	     2/ 2 tests/userprog/create-null
	     2/ 2 tests/userprog/open-null
	     2/ 2 tests/userprog/open-empty

	- Test robustness of system call implementation.
	     3/ 3 tests/userprog/sc-bad-arg
	     3/ 3 tests/userprog/sc-bad-sp
	     5/ 5 tests/userprog/sc-boundary
	     5/ 5 tests/userprog/sc-boundary-2

	- Test robustness of "exec" and "wait" system calls.
	     5/ 5 tests/userprog/exec-missing
	     5/ 5 tests/userprog/wait-bad-pid
	     5/ 5 tests/userprog/wait-killed

	- Test robustness of exception handling.
	     1/ 1 tests/userprog/bad-read
	     1/ 1 tests/userprog/bad-write
	     1/ 1 tests/userprog/bad-jump
	     1/ 1 tests/userprog/bad-read2
	     1/ 1 tests/userprog/bad-write2
	     1/ 1 tests/userprog/bad-jump2

	- Section summary.
	     34/ 34 tests passed
	     88/ 88 points subtotal

Functionality of virtual memory subsystem (tests/vm/Rubric.functionality):
	- Test stack growth.
	     3/ 3 tests/vm/pt-grow-stack
	     3/ 3 tests/vm/pt-grow-stk-sc
	     3/ 3 tests/vm/pt-big-stk-obj
	     3/ 3 tests/vm/pt-grow-pusha

	- Test paging behavior.
	     3/ 3 tests/vm/page-linear
	     3/ 3 tests/vm/page-parallel
	     3/ 3 tests/vm/page-shuffle
	     4/ 4 tests/vm/page-merge-seq
	     4/ 4 tests/vm/page-merge-par
	     4/ 4 tests/vm/page-merge-mm
	     4/ 4 tests/vm/page-merge-stk

	- Test "mmap" system call.
	     2/ 2 tests/vm/mmap-read
	     2/ 2 tests/vm/mmap-write
	     2/ 2 tests/vm/mmap-shuffle

	     2/ 2 tests/vm/mmap-twice

	     2/ 2 tests/vm/mmap-unmap
	     1/ 1 tests/vm/mmap-exit

	     3/ 3 tests/vm/mmap-clean

	     2/ 2 tests/vm/mmap-close
	     2/ 2 tests/vm/mmap-remove

	- Section summary.
	     20/ 20 tests passed
	     55/ 55 points subtotal

Robustness of virtual memory subsystem (tests/vm/Rubric.robustness):
	- Test robustness of page table support.
	     2/ 2 tests/vm/pt-bad-addr
	     3/ 3 tests/vm/pt-bad-read
	     2/ 2 tests/vm/pt-write-code
	     3/ 3 tests/vm/pt-write-code2
	     4/ 4 tests/vm/pt-grow-bad

	- Test robustness of "mmap" system call.
	     1/ 1 tests/vm/mmap-bad-fd
	     1/ 1 tests/vm/mmap-inherit
	     1/ 1 tests/vm/mmap-null
	     1/ 1 tests/vm/mmap-zero

	     2/ 2 tests/vm/mmap-misalign

	     2/ 2 tests/vm/mmap-over-code
	     2/ 2 tests/vm/mmap-over-data
	     2/ 2 tests/vm/mmap-over-stk
	     2/ 2 tests/vm/mmap-overlap


	- Section summary.
	     14/ 14 tests passed
	     28/ 28 points subtotal


- - - - - - - - - - - - - - - - - - - - - - - - - - - - - - - - - - - - - - 

DETAILS OF tests/filesys/extended/dir-mkdir FAILURE:

Test output failed to match any acceptable form.

Acceptable output:
  (dir-mkdir) begin
  (dir-mkdir) mkdir "a"
  (dir-mkdir) create "a/b"
  (dir-mkdir) chdir "a"
  (dir-mkdir) open "b"
  (dir-mkdir) end
Differences in `diff -u' format:
  (dir-mkdir) begin
  (dir-mkdir) mkdir "a"
- (dir-mkdir) create "a/b"
- (dir-mkdir) chdir "a"
- (dir-mkdir) open "b"
- (dir-mkdir) end

(Process exit codes are excluded for matching purposes.)

OUTPUT FROM tests/filesys/extended/dir-mkdir:

Copying tests/filesys/extended/dir-mkdir into /tmp/VaVfaDLLdw.dsk...
Copying tests/filesys/extended/tar into /tmp/VaVfaDLLdw.dsk...
Writing command line to /tmp/91XWg4iqZu.dsk...
warning: can't find squish-pty, so terminal input will fail
bochs -q
Kernel command line: -q -f put dir-mkdir put tar run dir-mkdir
Pintos booting with 4,096 kB RAM...
373 pages available in kernel pool.
373 pages available in user pool.
Calibrating timer...  204,600 loops/s.
hd0:0: detected 1,008 sector (504 kB) disk, model "Generic 1234", serial "BXHD00011"
hd0:1: detected 4,032 sector (1 MB) disk, model "Generic 1234", serial "BXHD00012"
hd1:0: detected 1,008 sector (504 kB) disk, model "Generic 1234", serial "BXHD00021"
hd1:1: detected 8,064 sector (3 MB) disk, model "Generic 1234", serial "BXHD00022"
Formatting file system...done.
Boot complete.
Putting 'dir-mkdir' into the file system...
Putting 'tar' into the file system...
Executing 'dir-mkdir':
(dir-mkdir) begin
(dir-mkdir) mkdir "a"
dir-mkdir: exit(-1)
Execution of 'dir-mkdir' complete.
Timer: 418 ticks
Thread: 30 idle ticks, 338 kernel ticks, 53 user ticks
hd0:0: 0 reads, 0 writes
hd0:1: 87 reads, 434 writes
hd1:0: 212 reads, 0 writes
hd1:1: 0 reads, 0 writes
Console: 967 characters output
Keyboard: 0 keys pressed
Exception: 5 page faults
Powering off...

- - - - - - - - - - - - - - - - - - - - - - - - - - - - - - - - - - - - - - 

DETAILS OF tests/filesys/extended/dir-mk-tree FAILURE:

Test output failed to match any acceptable form.

Acceptable output:
  (dir-mk-tree) begin
  (dir-mk-tree) creating /0/0/0/0 through /3/2/2/3...
  (dir-mk-tree) open "/0/2/0/3"
  (dir-mk-tree) close "/0/2/0/3"
  (dir-mk-tree) end
Differences in `diff -u' format:
  (dir-mk-tree) begin
  (dir-mk-tree) creating /0/0/0/0 through /3/2/2/3...
- (dir-mk-tree) open "/0/2/0/3"
- (dir-mk-tree) close "/0/2/0/3"
- (dir-mk-tree) end

(Process exit codes are excluded for matching purposes.)

OUTPUT FROM tests/filesys/extended/dir-mk-tree:

Copying tests/filesys/extended/dir-mk-tree into /tmp/YUos1lBiTN.dsk...
Copying tests/filesys/extended/tar into /tmp/YUos1lBiTN.dsk...
Writing command line to /tmp/nGKq74GyFK.dsk...
warning: can't find squish-pty, so terminal input will fail
bochs -q
Kernel command line: -q -f put dir-mk-tree put tar run dir-mk-tree
Pintos booting with 4,096 kB RAM...
373 pages available in kernel pool.
373 pages available in user pool.
Calibrating timer...  204,600 loops/s.
hd0:0: detected 1,008 sector (504 kB) disk, model "Generic 1234", serial "BXHD00011"
hd0:1: detected 4,032 sector (1 MB) disk, model "Generic 1234", serial "BXHD00012"
hd1:0: detected 1,008 sector (504 kB) disk, model "Generic 1234", serial "BXHD00021"
hd1:1: detected 8,064 sector (3 MB) disk, model "Generic 1234", serial "BXHD00022"
Formatting file system...done.
Boot complete.
Putting 'dir-mk-tree' into the file system...
Putting 'tar' into the file system...
Executing 'dir-mk-tree':
(dir-mk-tree) begin
(dir-mk-tree) creating /0/0/0/0 through /3/2/2/3...
dir-mk-tree: exit(-1)
Execution of 'dir-mk-tree' complete.
Timer: 430 ticks
Thread: 30 idle ticks, 343 kernel ticks, 60 user ticks
hd0:0: 0 reads, 0 writes
hd0:1: 88 reads, 444 writes
hd1:0: 217 reads, 0 writes
hd1:1: 0 reads, 0 writes
Console: 1011 characters output
Keyboard: 0 keys pressed
Exception: 5 page faults
Powering off...

- - - - - - - - - - - - - - - - - - - - - - - - - - - - - - - - - - - - - - 

DETAILS OF tests/filesys/extended/dir-rmdir FAILURE:

Test output failed to match any acceptable form.

Acceptable output:
  (dir-rmdir) begin
  (dir-rmdir) mkdir "a"
  (dir-rmdir) rmdir "a"
  (dir-rmdir) chdir "a" (must return false)
  (dir-rmdir) end
Differences in `diff -u' format:
  (dir-rmdir) begin
  (dir-rmdir) mkdir "a"
- (dir-rmdir) rmdir "a"
- (dir-rmdir) chdir "a" (must return false)
- (dir-rmdir) end

(Process exit codes are excluded for matching purposes.)

OUTPUT FROM tests/filesys/extended/dir-rmdir:

Copying tests/filesys/extended/dir-rmdir into /tmp/AEYvjmv6Q8.dsk...
Copying tests/filesys/extended/tar into /tmp/AEYvjmv6Q8.dsk...
Writing command line to /tmp/tnSRQPMzzv.dsk...
warning: can't find squish-pty, so terminal input will fail
bochs -q
Kernel command line: -q -f put dir-rmdir put tar run dir-rmdir
Pintos booting with 4,096 kB RAM...
373 pages available in kernel pool.
373 pages available in user pool.
Calibrating timer...  204,600 loops/s.
hd0:0: detected 1,008 sector (504 kB) disk, model "Generic 1234", serial "BXHD00011"
hd0:1: detected 4,032 sector (1 MB) disk, model "Generic 1234", serial "BXHD00012"
hd1:0: detected 1,008 sector (504 kB) disk, model "Generic 1234", serial "BXHD00021"
hd1:1: detected 8,064 sector (3 MB) disk, model "Generic 1234", serial "BXHD00022"
Formatting file system...done.
Boot complete.
Putting 'dir-rmdir' into the file system...
Putting 'tar' into the file system...
Executing 'dir-rmdir':
(dir-rmdir) begin
(dir-rmdir) mkdir "a"
dir-rmdir: exit(-1)
Execution of 'dir-rmdir' complete.
Timer: 418 ticks
Thread: 30 idle ticks, 338 kernel ticks, 53 user ticks
hd0:0: 0 reads, 0 writes
hd0:1: 87 reads, 434 writes
hd1:0: 212 reads, 0 writes
hd1:1: 0 reads, 0 writes
Console: 967 characters output
Keyboard: 0 keys pressed
Exception: 5 page faults
Powering off...

- - - - - - - - - - - - - - - - - - - - - - - - - - - - - - - - - - - - - - 

DETAILS OF tests/filesys/extended/dir-rm-tree FAILURE:

Test output failed to match any acceptable form.

Acceptable output:
  (dir-rm-tree) begin
  (dir-rm-tree) creating /0/0/0/0 through /3/2/2/3...
  (dir-rm-tree) open "/0/2/0/3"
  (dir-rm-tree) close "/0/2/0/3"
  (dir-rm-tree) removing /0/0/0/0 through /3/2/2/3...
  (dir-rm-tree) open "/3/0/2/0" (must return -1)
  (dir-rm-tree) end
Differences in `diff -u' format:
  (dir-rm-tree) begin
  (dir-rm-tree) creating /0/0/0/0 through /3/2/2/3...
- (dir-rm-tree) open "/0/2/0/3"
- (dir-rm-tree) close "/0/2/0/3"
- (dir-rm-tree) removing /0/0/0/0 through /3/2/2/3...
- (dir-rm-tree) open "/3/0/2/0" (must return -1)
- (dir-rm-tree) end

(Process exit codes are excluded for matching purposes.)

OUTPUT FROM tests/filesys/extended/dir-rm-tree:

Copying tests/filesys/extended/dir-rm-tree into /tmp/yXRqtE9sEC.dsk...
Copying tests/filesys/extended/tar into /tmp/yXRqtE9sEC.dsk...
Writing command line to /tmp/6tMTEaMSch.dsk...
warning: can't find squish-pty, so terminal input will fail
bochs -q
Kernel command line: -q -f put dir-rm-tree put tar run dir-rm-tree
Pintos booting with 4,096 kB RAM...
373 pages available in kernel pool.
373 pages available in user pool.
Calibrating timer...  204,600 loops/s.
hd0:0: detected 1,008 sector (504 kB) disk, model "Generic 1234", serial "BXHD00011"
hd0:1: detected 4,032 sector (1 MB) disk, model "Generic 1234", serial "BXHD00012"
hd1:0: detected 1,008 sector (504 kB) disk, model "Generic 1234", serial "BXHD00021"
hd1:1: detected 8,064 sector (3 MB) disk, model "Generic 1234", serial "BXHD00022"
Formatting file system...done.
Boot complete.
Putting 'dir-rm-tree' into the file system...
Putting 'tar' into the file system...
Executing 'dir-rm-tree':
(dir-rm-tree) begin
(dir-rm-tree) creating /0/0/0/0 through /3/2/2/3...
dir-rm-tree: exit(-1)
Execution of 'dir-rm-tree' complete.
Timer: 432 ticks
Thread: 30 idle ticks, 345 kernel ticks, 60 user ticks
hd0:0: 0 reads, 0 writes
hd0:1: 89 reads, 450 writes
hd1:0: 220 reads, 0 writes
hd1:1: 0 reads, 0 writes
Console: 1011 characters output
Keyboard: 0 keys pressed
Exception: 5 page faults
Powering off...

- - - - - - - - - - - - - - - - - - - - - - - - - - - - - - - - - - - - - - 

DETAILS OF tests/filesys/extended/dir-vine FAILURE:

Test output failed to match any acceptable form.

Acceptable output:
  (dir-vine) begin
  (dir-vine) creating many levels of files and directories...
  (dir-vine) removing all but top 10 levels of files and directories...
  (dir-vine) end
Differences in `diff -u' format:
  (dir-vine) begin
  (dir-vine) creating many levels of files and directories...
- (dir-vine) removing all but top 10 levels of files and directories...
- (dir-vine) end

(Process exit codes are excluded for matching purposes.)

OUTPUT FROM tests/filesys/extended/dir-vine:

Copying tests/filesys/extended/dir-vine into /tmp/3QKJyBrwGH.dsk...
Copying tests/filesys/extended/tar into /tmp/3QKJyBrwGH.dsk...
Writing command line to /tmp/Lr8CraSSle.dsk...
warning: can't find squish-pty, so terminal input will fail
bochs -q
Kernel command line: -q -f put dir-vine put tar run dir-vine
Pintos booting with 4,096 kB RAM...
373 pages available in kernel pool.
373 pages available in user pool.
Calibrating timer...  204,600 loops/s.
hd0:0: detected 1,008 sector (504 kB) disk, model "Generic 1234", serial "BXHD00011"
hd0:1: detected 4,032 sector (1 MB) disk, model "Generic 1234", serial "BXHD00012"
hd1:0: detected 1,008 sector (504 kB) disk, model "Generic 1234", serial "BXHD00021"
hd1:1: detected 8,064 sector (3 MB) disk, model "Generic 1234", serial "BXHD00022"
Formatting file system...done.
Boot complete.
Putting 'dir-vine' into the file system...
Putting 'tar' into the file system...
Executing 'dir-vine':
(dir-vine) begin
(dir-vine) creating many levels of files and directories...
dir-vine: exit(-1)
Execution of 'dir-vine' complete.
Timer: 428 ticks
Thread: 30 idle ticks, 341 kernel ticks, 60 user ticks
hd0:0: 0 reads, 0 writes
hd0:1: 90 reads, 442 writes
hd1:0: 216 reads, 0 writes
hd1:1: 0 reads, 0 writes
Console: 998 characters output
Keyboard: 0 keys pressed
Exception: 5 page faults
Powering off...

- - - - - - - - - - - - - - - - - - - - - - - - - - - - - - - - - - - - - - 

DETAILS OF tests/filesys/extended/grow-seq-sm FAILURE:

run: write 1234 bytes at offset 0 in "testme" failed: FAILED

OUTPUT FROM tests/filesys/extended/grow-seq-sm:

Copying tests/filesys/extended/grow-seq-sm into /tmp/SrrmHIT3tr.dsk...
Copying tests/filesys/extended/tar into /tmp/SrrmHIT3tr.dsk...
Writing command line to /tmp/mMlNR0kuXz.dsk...
warning: can't find squish-pty, so terminal input will fail
bochs -q
Kernel command line: -q -f put grow-seq-sm put tar run grow-seq-sm
Pintos booting with 4,096 kB RAM...
373 pages available in kernel pool.
373 pages available in user pool.
Calibrating timer...  204,600 loops/s.
hd0:0: detected 1,008 sector (504 kB) disk, model "Generic 1234", serial "BXHD00011"
hd0:1: detected 4,032 sector (1 MB) disk, model "Generic 1234", serial "BXHD00012"
hd1:0: detected 1,008 sector (504 kB) disk, model "Generic 1234", serial "BXHD00021"
hd1:1: detected 8,064 sector (3 MB) disk, model "Generic 1234", serial "BXHD00022"
Formatting file system...done.
Boot complete.
Putting 'grow-seq-sm' into the file system...
Putting 'tar' into the file system...
Executing 'grow-seq-sm':
(grow-seq-sm) begin
(grow-seq-sm) create "testme"
(grow-seq-sm) open "testme"
(grow-seq-sm) writing "testme"
(grow-seq-sm) write 1234 bytes at offset 0 in "testme" failed: FAILED
grow-seq-sm: exit(1)
Execution of 'grow-seq-sm' complete.
Timer: 498 ticks
Thread: 30 idle ticks, 341 kernel ticks, 130 user ticks
hd0:0: 0 reads, 0 writes
hd0:1: 115 reads, 440 writes
hd1:0: 213 reads, 0 writes
hd1:1: 0 reads, 0 writes
Console: 1119 characters output
Keyboard: 0 keys pressed
Exception: 6 page faults
Powering off...

- - - - - - - - - - - - - - - - - - - - - - - - - - - - - - - - - - - - - - 

DETAILS OF tests/filesys/extended/grow-seq-lg FAILURE:

run: write 1234 bytes at offset 0 in "testme" failed: FAILED

OUTPUT FROM tests/filesys/extended/grow-seq-lg:

Copying tests/filesys/extended/grow-seq-lg into /tmp/iMlK71FXUf.dsk...
Copying tests/filesys/extended/tar into /tmp/iMlK71FXUf.dsk...
Writing command line to /tmp/qfe09Zdc8v.dsk...
warning: can't find squish-pty, so terminal input will fail
bochs -q
Kernel command line: -q -f put grow-seq-lg put tar run grow-seq-lg
Pintos booting with 4,096 kB RAM...
373 pages available in kernel pool.
373 pages available in user pool.
Calibrating timer...  204,600 loops/s.
hd0:0: detected 1,008 sector (504 kB) disk, model "Generic 1234", serial "BXHD00011"
hd0:1: detected 4,032 sector (1 MB) disk, model "Generic 1234", serial "BXHD00012"
hd1:0: detected 1,008 sector (504 kB) disk, model "Generic 1234", serial "BXHD00021"
hd1:1: detected 8,064 sector (3 MB) disk, model "Generic 1234", serial "BXHD00022"
Formatting file system...done.
Boot complete.
Putting 'grow-seq-lg' into the file system...
Putting 'tar' into the file system...
Executing 'grow-seq-lg':
(grow-seq-lg) begin
(grow-seq-lg) create "testme"
(grow-seq-lg) open "testme"
(grow-seq-lg) writing "testme"
(grow-seq-lg) write 1234 bytes at offset 0 in "testme" failed: FAILED
grow-seq-lg: exit(1)
Execution of 'grow-seq-lg' complete.
Timer: 730 ticks
Thread: 30 idle ticks, 340 kernel ticks, 363 user ticks
hd0:0: 0 reads, 0 writes
hd0:1: 115 reads, 440 writes
hd1:0: 213 reads, 0 writes
hd1:1: 0 reads, 0 writes
Console: 1119 characters output
Keyboard: 0 keys pressed
Exception: 22 page faults
Powering off...

- - - - - - - - - - - - - - - - - - - - - - - - - - - - - - - - - - - - - - 

DETAILS OF tests/filesys/extended/grow-sparse FAILURE:

run: write "testfile": FAILED

OUTPUT FROM tests/filesys/extended/grow-sparse:

Copying tests/filesys/extended/grow-sparse into /tmp/OHgiCh2Aqn.dsk...
Copying tests/filesys/extended/tar into /tmp/OHgiCh2Aqn.dsk...
Writing command line to /tmp/98BOiZe6xr.dsk...
warning: can't find squish-pty, so terminal input will fail
bochs -q
Kernel command line: -q -f put grow-sparse put tar run grow-sparse
Pintos booting with 4,096 kB RAM...
373 pages available in kernel pool.
373 pages available in user pool.
Calibrating timer...  204,600 loops/s.
hd0:0: detected 1,008 sector (504 kB) disk, model "Generic 1234", serial "BXHD00011"
hd0:1: detected 4,032 sector (1 MB) disk, model "Generic 1234", serial "BXHD00012"
hd1:0: detected 1,008 sector (504 kB) disk, model "Generic 1234", serial "BXHD00021"
hd1:1: detected 8,064 sector (3 MB) disk, model "Generic 1234", serial "BXHD00022"
Formatting file system...done.
Boot complete.
Putting 'grow-sparse' into the file system...
Putting 'tar' into the file system...
Executing 'grow-sparse':
(grow-sparse) begin
(grow-sparse) create "testfile"
(grow-sparse) open "testfile"
(grow-sparse) seek "testfile"
(grow-sparse) write "testfile"
(grow-sparse) write "testfile": FAILED
grow-sparse: exit(1)
Execution of 'grow-sparse' complete.
Timer: 480 ticks
Thread: 30 idle ticks, 339 kernel ticks, 114 user ticks
hd0:0: 0 reads, 0 writes
hd0:1: 115 reads, 440 writes
hd1:0: 213 reads, 0 writes
hd1:1: 0 reads, 0 writes
Console: 1122 characters output
Keyboard: 0 keys pressed
Exception: 4 page faults
Powering off...

- - - - - - - - - - - - - - - - - - - - - - - - - - - - - - - - - - - - - - 

DETAILS OF tests/filesys/extended/grow-two-files FAILURE:

run: write 250 bytes at offset 0 in "a" returned 0: FAILED

OUTPUT FROM tests/filesys/extended/grow-two-files:

Copying tests/filesys/extended/grow-two-files into /tmp/DkEqGu4Xu8.dsk...
Copying tests/filesys/extended/tar into /tmp/DkEqGu4Xu8.dsk...
Writing command line to /tmp/LsFJcZRDO4.dsk...
warning: can't find squish-pty, so terminal input will fail
bochs -q
Kernel command line: -q -f put grow-two-files put tar run grow-two-files
Pintos booting with 4,096 kB RAM...
373 pages available in kernel pool.
373 pages available in user pool.
Calibrating timer...  204,600 loops/s.
hd0:0: detected 1,008 sector (504 kB) disk, model "Generic 1234", serial "BXHD00011"
hd0:1: detected 4,032 sector (1 MB) disk, model "Generic 1234", serial "BXHD00012"
hd1:0: detected 1,008 sector (504 kB) disk, model "Generic 1234", serial "BXHD00021"
hd1:1: detected 8,064 sector (3 MB) disk, model "Generic 1234", serial "BXHD00022"
Formatting file system...done.
Boot complete.
Putting 'grow-two-files' into the file system...
Putting 'tar' into the file system...
Executing 'grow-two-files':
(grow-two-files) begin
(grow-two-files) create "a"
(grow-two-files) create "b"
(grow-two-files) open "a"
(grow-two-files) open "b"
(grow-two-files) write "a" and "b" alternately
(grow-two-files) write 250 bytes at offset 0 in "a" returned 0: FAILED
grow-two-files: exit(1)
Execution of 'grow-two-files' complete.
Timer: 578 ticks
Thread: 30 idle ticks, 342 kernel ticks, 209 user ticks
hd0:0: 0 reads, 0 writes
hd0:1: 146 reads, 448 writes
hd1:0: 215 reads, 0 writes
hd1:1: 0 reads, 0 writes
Console: 1207 characters output
Keyboard: 0 keys pressed
Exception: 9 page faults
Powering off...

- - - - - - - - - - - - - - - - - - - - - - - - - - - - - - - - - - - - - - 

DETAILS OF tests/filesys/extended/grow-tell FAILURE:

run: write 37 bytes at offset 0 in "foobar" failed: FAILED

OUTPUT FROM tests/filesys/extended/grow-tell:

Copying tests/filesys/extended/grow-tell into /tmp/uRUExAqmrw.dsk...
Copying tests/filesys/extended/tar into /tmp/uRUExAqmrw.dsk...
Writing command line to /tmp/XTHC1exWw6.dsk...
warning: can't find squish-pty, so terminal input will fail
bochs -q
Kernel command line: -q -f put grow-tell put tar run grow-tell
Pintos booting with 4,096 kB RAM...
373 pages available in kernel pool.
373 pages available in user pool.
Calibrating timer...  204,600 loops/s.
hd0:0: detected 1,008 sector (504 kB) disk, model "Generic 1234", serial "BXHD00011"
hd0:1: detected 4,032 sector (1 MB) disk, model "Generic 1234", serial "BXHD00012"
hd1:0: detected 1,008 sector (504 kB) disk, model "Generic 1234", serial "BXHD00021"
hd1:1: detected 8,064 sector (3 MB) disk, model "Generic 1234", serial "BXHD00022"
Formatting file system...done.
Boot complete.
Putting 'grow-tell' into the file system...
Putting 'tar' into the file system...
Executing 'grow-tell':
(grow-tell) begin
(grow-tell) create "foobar"
(grow-tell) open "foobar"
(grow-tell) writing "foobar"
(grow-tell) write 37 bytes at offset 0 in "foobar" failed: FAILED
grow-tell: exit(1)
Execution of 'grow-tell' complete.
Timer: 478 ticks
Thread: 30 idle ticks, 339 kernel ticks, 112 user ticks
hd0:0: 0 reads, 0 writes
hd0:1: 115 reads, 440 writes
hd1:0: 213 reads, 0 writes
hd1:1: 0 reads, 0 writes
Console: 1095 characters output
Keyboard: 0 keys pressed
Exception: 5 page faults
Powering off...

- - - - - - - - - - - - - - - - - - - - - - - - - - - - - - - - - - - - - - 

DETAILS OF tests/filesys/extended/grow-file-size FAILURE:

run: write 37 bytes at offset 0 in "testfile" failed: FAILED

OUTPUT FROM tests/filesys/extended/grow-file-size:

Copying tests/filesys/extended/grow-file-size into /tmp/Px3UZToHQJ.dsk...
Copying tests/filesys/extended/tar into /tmp/Px3UZToHQJ.dsk...
Writing command line to /tmp/O9OHjDosfk.dsk...
warning: can't find squish-pty, so terminal input will fail
bochs -q
Kernel command line: -q -f put grow-file-size put tar run grow-file-size
Pintos booting with 4,096 kB RAM...
373 pages available in kernel pool.
373 pages available in user pool.
Calibrating timer...  204,600 loops/s.
hd0:0: detected 1,008 sector (504 kB) disk, model "Generic 1234", serial "BXHD00011"
hd0:1: detected 4,032 sector (1 MB) disk, model "Generic 1234", serial "BXHD00012"
hd1:0: detected 1,008 sector (504 kB) disk, model "Generic 1234", serial "BXHD00021"
hd1:1: detected 8,064 sector (3 MB) disk, model "Generic 1234", serial "BXHD00022"
Formatting file system...done.
Boot complete.
Putting 'grow-file-size' into the file system...
Putting 'tar' into the file system...
Executing 'grow-file-size':
(grow-file-size) begin
(grow-file-size) create "testfile"
(grow-file-size) open "testfile"
(grow-file-size) writing "testfile"
(grow-file-size) write 37 bytes at offset 0 in "testfile" failed: FAILED
grow-file-size: exit(1)
Execution of 'grow-file-size' complete.
Timer: 488 ticks
Thread: 30 idle ticks, 341 kernel ticks, 120 user ticks
hd0:0: 0 reads, 0 writes
hd0:1: 115 reads, 440 writes
hd1:0: 213 reads, 0 writes
hd1:1: 0 reads, 0 writes
Console: 1158 characters output
Keyboard: 0 keys pressed
Exception: 5 page faults
Powering off...

- - - - - - - - - - - - - - - - - - - - - - - - - - - - - - - - - - - - - - 

DETAILS OF tests/filesys/extended/grow-dir-lg FAILURE:

Test output failed to match any acceptable form.

Acceptable output:
  (grow-dir-lg) begin
  (grow-dir-lg) mkdir /x
  (grow-dir-lg) creating and checking "/x/file0"
  (grow-dir-lg) creating and checking "/x/file1"
  (grow-dir-lg) creating and checking "/x/file2"
  (grow-dir-lg) creating and checking "/x/file3"
  (grow-dir-lg) creating and checking "/x/file4"
  (grow-dir-lg) creating and checking "/x/file5"
  (grow-dir-lg) creating and checking "/x/file6"
  (grow-dir-lg) creating and checking "/x/file7"
  (grow-dir-lg) creating and checking "/x/file8"
  (grow-dir-lg) creating and checking "/x/file9"
  (grow-dir-lg) creating and checking "/x/file10"
  (grow-dir-lg) creating and checking "/x/file11"
  (grow-dir-lg) creating and checking "/x/file12"
  (grow-dir-lg) creating and checking "/x/file13"
  (grow-dir-lg) creating and checking "/x/file14"
  (grow-dir-lg) creating and checking "/x/file15"
  (grow-dir-lg) creating and checking "/x/file16"
  (grow-dir-lg) creating and checking "/x/file17"
  (grow-dir-lg) creating and checking "/x/file18"
  (grow-dir-lg) creating and checking "/x/file19"
  (grow-dir-lg) creating and checking "/x/file20"
  (grow-dir-lg) creating and checking "/x/file21"
  (grow-dir-lg) creating and checking "/x/file22"
  (grow-dir-lg) creating and checking "/x/file23"
  (grow-dir-lg) creating and checking "/x/file24"
  (grow-dir-lg) creating and checking "/x/file25"
  (grow-dir-lg) creating and checking "/x/file26"
  (grow-dir-lg) creating and checking "/x/file27"
  (grow-dir-lg) creating and checking "/x/file28"
  (grow-dir-lg) creating and checking "/x/file29"
  (grow-dir-lg) creating and checking "/x/file30"
  (grow-dir-lg) creating and checking "/x/file31"
  (grow-dir-lg) creating and checking "/x/file32"
  (grow-dir-lg) creating and checking "/x/file33"
  (grow-dir-lg) creating and checking "/x/file34"
  (grow-dir-lg) creating and checking "/x/file35"
  (grow-dir-lg) creating and checking "/x/file36"
  (grow-dir-lg) creating and checking "/x/file37"
  (grow-dir-lg) creating and checking "/x/file38"
  (grow-dir-lg) creating and checking "/x/file39"
  (grow-dir-lg) creating and checking "/x/file40"
  (grow-dir-lg) creating and checking "/x/file41"
  (grow-dir-lg) creating and checking "/x/file42"
  (grow-dir-lg) creating and checking "/x/file43"
  (grow-dir-lg) creating and checking "/x/file44"
  (grow-dir-lg) creating and checking "/x/file45"
  (grow-dir-lg) creating and checking "/x/file46"
  (grow-dir-lg) creating and checking "/x/file47"
  (grow-dir-lg) creating and checking "/x/file48"
  (grow-dir-lg) creating and checking "/x/file49"
  (grow-dir-lg) end
Differences in `diff -u' format:
  (grow-dir-lg) begin
  (grow-dir-lg) mkdir /x
- (grow-dir-lg) creating and checking "/x/file0"
- (grow-dir-lg) creating and checking "/x/file1"
- (grow-dir-lg) creating and checking "/x/file2"
- (grow-dir-lg) creating and checking "/x/file3"
- (grow-dir-lg) creating and checking "/x/file4"
- (grow-dir-lg) creating and checking "/x/file5"
- (grow-dir-lg) creating and checking "/x/file6"
- (grow-dir-lg) creating and checking "/x/file7"
- (grow-dir-lg) creating and checking "/x/file8"
- (grow-dir-lg) creating and checking "/x/file9"
- (grow-dir-lg) creating and checking "/x/file10"
- (grow-dir-lg) creating and checking "/x/file11"
- (grow-dir-lg) creating and checking "/x/file12"
- (grow-dir-lg) creating and checking "/x/file13"
- (grow-dir-lg) creating and checking "/x/file14"
- (grow-dir-lg) creating and checking "/x/file15"
- (grow-dir-lg) creating and checking "/x/file16"
- (grow-dir-lg) creating and checking "/x/file17"
- (grow-dir-lg) creating and checking "/x/file18"
- (grow-dir-lg) creating and checking "/x/file19"
- (grow-dir-lg) creating and checking "/x/file20"
- (grow-dir-lg) creating and checking "/x/file21"
- (grow-dir-lg) creating and checking "/x/file22"
- (grow-dir-lg) creating and checking "/x/file23"
- (grow-dir-lg) creating and checking "/x/file24"
- (grow-dir-lg) creating and checking "/x/file25"
- (grow-dir-lg) creating and checking "/x/file26"
- (grow-dir-lg) creating and checking "/x/file27"
- (grow-dir-lg) creating and checking "/x/file28"
- (grow-dir-lg) creating and checking "/x/file29"
- (grow-dir-lg) creating and checking "/x/file30"
- (grow-dir-lg) creating and checking "/x/file31"
- (grow-dir-lg) creating and checking "/x/file32"
- (grow-dir-lg) creating and checking "/x/file33"
- (grow-dir-lg) creating and checking "/x/file34"
- (grow-dir-lg) creating and checking "/x/file35"
- (grow-dir-lg) creating and checking "/x/file36"
- (grow-dir-lg) creating and checking "/x/file37"
- (grow-dir-lg) creating and checking "/x/file38"
- (grow-dir-lg) creating and checking "/x/file39"
- (grow-dir-lg) creating and checking "/x/file40"
- (grow-dir-lg) creating and checking "/x/file41"
- (grow-dir-lg) creating and checking "/x/file42"
- (grow-dir-lg) creating and checking "/x/file43"
- (grow-dir-lg) creating and checking "/x/file44"
- (grow-dir-lg) creating and checking "/x/file45"
- (grow-dir-lg) creating and checking "/x/file46"
- (grow-dir-lg) creating and checking "/x/file47"
- (grow-dir-lg) creating and checking "/x/file48"
- (grow-dir-lg) creating and checking "/x/file49"
- (grow-dir-lg) end

(Process exit codes are excluded for matching purposes.)

OUTPUT FROM tests/filesys/extended/grow-dir-lg:

Copying tests/filesys/extended/grow-dir-lg into /tmp/vTJnFwkAFS.dsk...
Copying tests/filesys/extended/tar into /tmp/vTJnFwkAFS.dsk...
Writing command line to /tmp/nE4mjvA6ws.dsk...
warning: can't find squish-pty, so terminal input will fail
bochs -q
Kernel command line: -q -f put grow-dir-lg put tar run grow-dir-lg
Pintos booting with 4,096 kB RAM...
373 pages available in kernel pool.
373 pages available in user pool.
Calibrating timer...  204,600 loops/s.
hd0:0: detected 1,008 sector (504 kB) disk, model "Generic 1234", serial "BXHD00011"
hd0:1: detected 4,032 sector (1 MB) disk, model "Generic 1234", serial "BXHD00012"
hd1:0: detected 1,008 sector (504 kB) disk, model "Generic 1234", serial "BXHD00021"
hd1:1: detected 8,064 sector (3 MB) disk, model "Generic 1234", serial "BXHD00022"
Formatting file system...done.
Boot complete.
Putting 'grow-dir-lg' into the file system...
Putting 'tar' into the file system...
Executing 'grow-dir-lg':
(grow-dir-lg) begin
(grow-dir-lg) mkdir /x
grow-dir-lg: exit(-1)
Execution of 'grow-dir-lg' complete.
Timer: 422 ticks
Thread: 30 idle ticks, 341 kernel ticks, 54 user ticks
hd0:0: 0 reads, 0 writes
hd0:1: 87 reads, 438 writes
hd1:0: 214 reads, 0 writes
hd1:1: 0 reads, 0 writes
Console: 982 characters output
Keyboard: 0 keys pressed
Exception: 5 page faults
Powering off...

- - - - - - - - - - - - - - - - - - - - - - - - - - - - - - - - - - - - - - 

DETAILS OF tests/filesys/extended/grow-root-sm FAILURE:

run: create "file14": FAILED

OUTPUT FROM tests/filesys/extended/grow-root-sm:

Copying tests/filesys/extended/grow-root-sm into /tmp/qd1UaEWALG.dsk...
Copying tests/filesys/extended/tar into /tmp/qd1UaEWALG.dsk...
Writing command line to /tmp/A68ab9td3L.dsk...
warning: can't find squish-pty, so terminal input will fail
bochs -q
Kernel command line: -q -f put grow-root-sm put tar run grow-root-sm
Pintos booting with 4,096 kB RAM...
373 pages available in kernel pool.
373 pages available in user pool.
Calibrating timer...  204,600 loops/s.
hd0:0: detected 1,008 sector (504 kB) disk, model "Generic 1234", serial "BXHD00011"
hd0:1: detected 4,032 sector (1 MB) disk, model "Generic 1234", serial "BXHD00012"
hd1:0: detected 1,008 sector (504 kB) disk, model "Generic 1234", serial "BXHD00021"
hd1:1: detected 8,064 sector (3 MB) disk, model "Generic 1234", serial "BXHD00022"
Formatting file system...done.
Boot complete.
Putting 'grow-root-sm' into the file system...
Putting 'tar' into the file system...
Executing 'grow-root-sm':
(grow-root-sm) begin
(grow-root-sm) creating and checking "file0"
(grow-root-sm) creating and checking "file1"
(grow-root-sm) creating and checking "file2"
(grow-root-sm) creating and checking "file3"
(grow-root-sm) creating and checking "file4"
(grow-root-sm) creating and checking "file5"
(grow-root-sm) creating and checking "file6"
(grow-root-sm) creating and checking "file7"
(grow-root-sm) creating and checking "file8"
(grow-root-sm) creating and checking "file9"
(grow-root-sm) creating and checking "file10"
(grow-root-sm) creating and checking "file11"
(grow-root-sm) creating and checking "file12"
(grow-root-sm) creating and checking "file13"
(grow-root-sm) creating and checking "file14"
(grow-root-sm) create "file14": FAILED
grow-root-sm: exit(1)
Execution of 'grow-root-sm' complete.
Timer: 1348 ticks
Thread: 30 idle ticks, 341 kernel ticks, 980 user ticks
hd0:0: 0 reads, 0 writes
hd0:1: 872 reads, 525 writes
hd1:0: 213 reads, 0 writes
hd1:1: 0 reads, 0 writes
Console: 1687 characters output
Keyboard: 0 keys pressed
Exception: 5 page faults
Powering off...

- - - - - - - - - - - - - - - - - - - - - - - - - - - - - - - - - - - - - - 

DETAILS OF tests/filesys/extended/grow-root-lg FAILURE:

run: create "file14": FAILED

OUTPUT FROM tests/filesys/extended/grow-root-lg:

Copying tests/filesys/extended/grow-root-lg into /tmp/hAqHtEs2CS.dsk...
Copying tests/filesys/extended/tar into /tmp/hAqHtEs2CS.dsk...
Writing command line to /tmp/YKAVqv71ww.dsk...
warning: can't find squish-pty, so terminal input will fail
bochs -q
Kernel command line: -q -f put grow-root-lg put tar run grow-root-lg
Pintos booting with 4,096 kB RAM...
373 pages available in kernel pool.
373 pages available in user pool.
Calibrating timer...  204,600 loops/s.
hd0:0: detected 1,008 sector (504 kB) disk, model "Generic 1234", serial "BXHD00011"
hd0:1: detected 4,032 sector (1 MB) disk, model "Generic 1234", serial "BXHD00012"
hd1:0: detected 1,008 sector (504 kB) disk, model "Generic 1234", serial "BXHD00021"
hd1:1: detected 8,064 sector (3 MB) disk, model "Generic 1234", serial "BXHD00022"
Formatting file system...done.
Boot complete.
Putting 'grow-root-lg' into the file system...
Putting 'tar' into the file system...
Executing 'grow-root-lg':
(grow-root-lg) begin
(grow-root-lg) creating and checking "file0"
(grow-root-lg) creating and checking "file1"
(grow-root-lg) creating and checking "file2"
(grow-root-lg) creating and checking "file3"
(grow-root-lg) creating and checking "file4"
(grow-root-lg) creating and checking "file5"
(grow-root-lg) creating and checking "file6"
(grow-root-lg) creating and checking "file7"
(grow-root-lg) creating and checking "file8"
(grow-root-lg) creating and checking "file9"
(grow-root-lg) creating and checking "file10"
(grow-root-lg) creating and checking "file11"
(grow-root-lg) creating and checking "file12"
(grow-root-lg) creating and checking "file13"
(grow-root-lg) creating and checking "file14"
(grow-root-lg) create "file14": FAILED
grow-root-lg: exit(1)
Execution of 'grow-root-lg' complete.
Timer: 1348 ticks
Thread: 30 idle ticks, 341 kernel ticks, 980 user ticks
hd0:0: 0 reads, 0 writes
hd0:1: 872 reads, 525 writes
hd1:0: 213 reads, 0 writes
hd1:1: 0 reads, 0 writes
Console: 1687 characters output
Keyboard: 0 keys pressed
Exception: 5 page faults
Powering off...

- - - - - - - - - - - - - - - - - - - - - - - - - - - - - - - - - - - - - - 

DETAILS OF tests/filesys/extended/syn-rw FAILURE:

run: write 8 bytes at offset 0 in "logfile": FAILED

OUTPUT FROM tests/filesys/extended/syn-rw:

Copying tests/filesys/extended/syn-rw into /tmp/unfYM6y2dJ.dsk...
Copying tests/filesys/extended/tar into /tmp/unfYM6y2dJ.dsk...
Copying tests/filesys/extended/child-syn-rw into /tmp/unfYM6y2dJ.dsk...
Writing command line to /tmp/4fwPIFOx9H.dsk...
warning: can't find squish-pty, so terminal input will fail
bochs -q
Kernel command line: -q -f put syn-rw put tar put child-syn-rw run syn-rw
Pintos booting with 4,096 kB RAM...
373 pages available in kernel pool.
373 pages available in user pool.
Calibrating timer...  204,600 loops/s.
hd0:0: detected 1,008 sector (504 kB) disk, model "Generic 1234", serial "BXHD00011"
hd0:1: detected 4,032 sector (1 MB) disk, model "Generic 1234", serial "BXHD00012"
hd1:0: detected 1,008 sector (504 kB) disk, model "Generic 1234", serial "BXHD00021"
hd1:1: detected 8,064 sector (3 MB) disk, model "Generic 1234", serial "BXHD00022"
Formatting file system...done.
Boot complete.
Putting 'syn-rw' into the file system...
Putting 'tar' into the file system...
Putting 'child-syn-rw' into the file system...
Executing 'syn-rw':
(syn-rw) begin
(syn-rw) create "logfile"
(syn-rw) open "logfile"
(syn-rw) exec child 1 of 4: "child-syn-rw 0"
(syn-rw) exec child 2 of 4: "child-syn-rw 1"
(syn-rw) exec child 3 of 4: "child-syn-rw 2"
(syn-rw) exec child 4 of 4: "child-syn-rw 3"
(syn-rw) write 8 bytes at offset 0 in "logfile": FAILED
syn-rw: exit(1)
Execution of 'syn-rw' complete.
Timer: 814 ticks
Thread: 30 idle ticks, 456 kernel ticks, 331 user ticks
hd0:0: 0 reads, 0 writes
hd0:1: 282 reads, 670 writes
hd1:0: 327 reads, 0 writes
hd1:1: 0 reads, 0 writes
Console: 1275 characters output
Keyboard: 0 keys pressed
Exception: 28 page faults
Powering off...

- - - - - - - - - - - - - - - - - - - - - - - - - - - - - - - - - - - - - - 

DETAILS OF tests/filesys/extended/dir-empty-name FAILURE:

Test output failed to match any acceptable form.

Acceptable output:
  (dir-empty-name) begin
  (dir-empty-name) mkdir "" (must return false)
  (dir-empty-name) end
Differences in `diff -u' format:
  (dir-empty-name) begin
  (dir-empty-name) mkdir "" (must return false)
- (dir-empty-name) end

(Process exit codes are excluded for matching purposes.)

OUTPUT FROM tests/filesys/extended/dir-empty-name:

Copying tests/filesys/extended/dir-empty-name into /tmp/v4pZGdpH7H.dsk...
Copying tests/filesys/extended/tar into /tmp/v4pZGdpH7H.dsk...
Writing command line to /tmp/pTbdnxf6Qg.dsk...
warning: can't find squish-pty, so terminal input will fail
bochs -q
Kernel command line: -q -f put dir-empty-name put tar run dir-empty-name
Pintos booting with 4,096 kB RAM...
373 pages available in kernel pool.
373 pages available in user pool.
Calibrating timer...  204,600 loops/s.
hd0:0: detected 1,008 sector (504 kB) disk, model "Generic 1234", serial "BXHD00011"
hd0:1: detected 4,032 sector (1 MB) disk, model "Generic 1234", serial "BXHD00012"
hd1:0: detected 1,008 sector (504 kB) disk, model "Generic 1234", serial "BXHD00021"
hd1:1: detected 8,064 sector (3 MB) disk, model "Generic 1234", serial "BXHD00022"
Formatting file system...done.
Boot complete.
Putting 'dir-empty-name' into the file system...
Putting 'tar' into the file system...
Executing 'dir-empty-name':
(dir-empty-name) begin
(dir-empty-name) mkdir "" (must return false)
dir-empty-name: exit(-1)
Execution of 'dir-empty-name' complete.
Timer: 426 ticks
Thread: 30 idle ticks, 340 kernel ticks, 59 user ticks
hd0:0: 0 reads, 0 writes
hd0:1: 87 reads, 434 writes
hd1:0: 212 reads, 0 writes
hd1:1: 0 reads, 0 writes
Console: 1026 characters output
Keyboard: 0 keys pressed
Exception: 5 page faults
Powering off...

- - - - - - - - - - - - - - - - - - - - - - - - - - - - - - - - - - - - - - 

DETAILS OF tests/filesys/extended/dir-open FAILURE:

Test output failed to match any acceptable form.

Acceptable output:
  (dir-open) begin
  (dir-open) mkdir "xyzzy"
  (dir-open) open "xyzzy"
  (dir-open) write "xyzzy"
  (dir-open) write "xyzzy" (must return -1, actually -1)
  (dir-open) end
  dir-open: exit(0)
Differences in `diff -u' format:
  (dir-open) begin
  (dir-open) mkdir "xyzzy"
- (dir-open) open "xyzzy"
- (dir-open) write "xyzzy"
- (dir-open) write "xyzzy" (must return -1, actually -1)
- (dir-open) end
- dir-open: exit(0)
+ dir-open: exit(-1)
Acceptable output:
  (dir-open) begin
  (dir-open) mkdir "xyzzy"
  (dir-open) open "xyzzy"
  (dir-open) write "xyzzy"
  dir-open: exit(-1)
Differences in `diff -u' format:
  (dir-open) begin
  (dir-open) mkdir "xyzzy"
- (dir-open) open "xyzzy"
- (dir-open) write "xyzzy"
  dir-open: exit(-1)

OUTPUT FROM tests/filesys/extended/dir-open:

Copying tests/filesys/extended/dir-open into /tmp/TDur0YnXOt.dsk...
Copying tests/filesys/extended/tar into /tmp/TDur0YnXOt.dsk...
Writing command line to /tmp/hpDTcS3zNQ.dsk...
warning: can't find squish-pty, so terminal input will fail
bochs -q
Kernel command line: -q -f put dir-open put tar run dir-open
Pintos booting with 4,096 kB RAM...
373 pages available in kernel pool.
373 pages available in user pool.
Calibrating timer...  204,600 loops/s.
hd0:0: detected 1,008 sector (504 kB) disk, model "Generic 1234", serial "BXHD00011"
hd0:1: detected 4,032 sector (1 MB) disk, model "Generic 1234", serial "BXHD00012"
hd1:0: detected 1,008 sector (504 kB) disk, model "Generic 1234", serial "BXHD00021"
hd1:1: detected 8,064 sector (3 MB) disk, model "Generic 1234", serial "BXHD00022"
Formatting file system...done.
Boot complete.
Putting 'dir-open' into the file system...
Putting 'tar' into the file system...
Executing 'dir-open':
(dir-open) begin
(dir-open) mkdir "xyzzy"
dir-open: exit(-1)
Execution of 'dir-open' complete.
Timer: 420 ticks
Thread: 30 idle ticks, 339 kernel ticks, 54 user ticks
hd0:0: 0 reads, 0 writes
hd0:1: 87 reads, 436 writes
hd1:0: 213 reads, 0 writes
hd1:1: 0 reads, 0 writes
Console: 963 characters output
Keyboard: 0 keys pressed
Exception: 5 page faults
Powering off...

- - - - - - - - - - - - - - - - - - - - - - - - - - - - - - - - - - - - - - 

DETAILS OF tests/filesys/extended/dir-over-file FAILURE:

Test output failed to match any acceptable form.

Acceptable output:
  (dir-over-file) begin
  (dir-over-file) mkdir "abc"
  (dir-over-file) create "abc" (must return false)
  (dir-over-file) end
Differences in `diff -u' format:
  (dir-over-file) begin
  (dir-over-file) mkdir "abc"
- (dir-over-file) create "abc" (must return false)
- (dir-over-file) end

(Process exit codes are excluded for matching purposes.)

OUTPUT FROM tests/filesys/extended/dir-over-file:

Copying tests/filesys/extended/dir-over-file into /tmp/RftdA1sGeb.dsk...
Copying tests/filesys/extended/tar into /tmp/RftdA1sGeb.dsk...
Writing command line to /tmp/s9nIxYoTmq.dsk...
warning: can't find squish-pty, so terminal input will fail
bochs -q
Kernel command line: -q -f put dir-over-file put tar run dir-over-file
Pintos booting with 4,096 kB RAM...
373 pages available in kernel pool.
373 pages available in user pool.
Calibrating timer...  204,600 loops/s.
hd0:0: detected 1,008 sector (504 kB) disk, model "Generic 1234", serial "BXHD00011"
hd0:1: detected 4,032 sector (1 MB) disk, model "Generic 1234", serial "BXHD00012"
hd1:0: detected 1,008 sector (504 kB) disk, model "Generic 1234", serial "BXHD00021"
hd1:1: detected 8,064 sector (3 MB) disk, model "Generic 1234", serial "BXHD00022"
Formatting file system...done.
Boot complete.
Putting 'dir-over-file' into the file system...
Putting 'tar' into the file system...
Executing 'dir-over-file':
(dir-over-file) begin
(dir-over-file) mkdir "abc"
dir-over-file: exit(-1)
Execution of 'dir-over-file' complete.
Timer: 422 ticks
Thread: 30 idle ticks, 340 kernel ticks, 55 user ticks
hd0:0: 0 reads, 0 writes
hd0:1: 87 reads, 434 writes
hd1:0: 212 reads, 0 writes
hd1:1: 0 reads, 0 writes
Console: 1001 characters output
Keyboard: 0 keys pressed
Exception: 5 page faults
Powering off...

- - - - - - - - - - - - - - - - - - - - - - - - - - - - - - - - - - - - - - 

DETAILS OF tests/filesys/extended/dir-under-file FAILURE:

Test output failed to match any acceptable form.

Acceptable output:
  (dir-under-file) begin
  (dir-under-file) create "abc"
  (dir-under-file) mkdir "abc" (must return false)
  (dir-under-file) end
Differences in `diff -u' format:
  (dir-under-file) begin
  (dir-under-file) create "abc"
  (dir-under-file) mkdir "abc" (must return false)
- (dir-under-file) end

(Process exit codes are excluded for matching purposes.)

OUTPUT FROM tests/filesys/extended/dir-under-file:

Copying tests/filesys/extended/dir-under-file into /tmp/lYh3HBPzTU.dsk...
Copying tests/filesys/extended/tar into /tmp/lYh3HBPzTU.dsk...
Writing command line to /tmp/OOSavC5LK9.dsk...
warning: can't find squish-pty, so terminal input will fail
bochs -q
Kernel command line: -q -f put dir-under-file put tar run dir-under-file
Pintos booting with 4,096 kB RAM...
373 pages available in kernel pool.
373 pages available in user pool.
Calibrating timer...  204,600 loops/s.
hd0:0: detected 1,008 sector (504 kB) disk, model "Generic 1234", serial "BXHD00011"
hd0:1: detected 4,032 sector (1 MB) disk, model "Generic 1234", serial "BXHD00012"
hd1:0: detected 1,008 sector (504 kB) disk, model "Generic 1234", serial "BXHD00021"
hd1:1: detected 8,064 sector (3 MB) disk, model "Generic 1234", serial "BXHD00022"
Formatting file system...done.
Boot complete.
Putting 'dir-under-file' into the file system...
Putting 'tar' into the file system...
Executing 'dir-under-file':
(dir-under-file) begin
(dir-under-file) create "abc"
(dir-under-file) mkdir "abc" (must return false)
dir-under-file: exit(-1)
Execution of 'dir-under-file' complete.
Timer: 453 ticks
Thread: 30 idle ticks, 341 kernel ticks, 85 user ticks
hd0:0: 0 reads, 0 writes
hd0:1: 110 reads, 438 writes
hd1:0: 212 reads, 0 writes
hd1:1: 0 reads, 0 writes
Console: 1060 characters output
Keyboard: 0 keys pressed
Exception: 5 page faults
Powering off...

- - - - - - - - - - - - - - - - - - - - - - - - - - - - - - - - - - - - - - 

DETAILS OF tests/filesys/extended/dir-rm-cwd FAILURE:

run: open "/": FAILED

OUTPUT FROM tests/filesys/extended/dir-rm-cwd:

Copying tests/filesys/extended/dir-rm-cwd into /tmp/q0ulNcNfs1.dsk...
Copying tests/filesys/extended/tar into /tmp/q0ulNcNfs1.dsk...
Writing command line to /tmp/9e024X2jAo.dsk...
warning: can't find squish-pty, so terminal input will fail
bochs -q
Kernel command line: -q -f put dir-rm-cwd put tar run dir-rm-cwd
Pintos booting with 4,096 kB RAM...
373 pages available in kernel pool.
373 pages available in user pool.
Calibrating timer...  204,600 loops/s.
hd0:0: detected 1,008 sector (504 kB) disk, model "Generic 1234", serial "BXHD00011"
hd0:1: detected 4,032 sector (1 MB) disk, model "Generic 1234", serial "BXHD00012"
hd1:0: detected 1,008 sector (504 kB) disk, model "Generic 1234", serial "BXHD00021"
hd1:1: detected 8,064 sector (3 MB) disk, model "Generic 1234", serial "BXHD00022"
Formatting file system...done.
Boot complete.
Putting 'dir-rm-cwd' into the file system...
Putting 'tar' into the file system...
Executing 'dir-rm-cwd':
(dir-rm-cwd) begin
(dir-rm-cwd) open "/"
(dir-rm-cwd) open "/": FAILED
dir-rm-cwd: exit(1)
Execution of 'dir-rm-cwd' complete.
Timer: 436 ticks
Thread: 30 idle ticks, 342 kernel ticks, 67 user ticks
hd0:0: 0 reads, 0 writes
hd0:1: 105 reads, 444 writes
hd1:0: 217 reads, 0 writes
hd1:1: 0 reads, 0 writes
Console: 1004 characters output
Keyboard: 0 keys pressed
Exception: 4 page faults
Powering off...

- - - - - - - - - - - - - - - - - - - - - - - - - - - - - - - - - - - - - - 

DETAILS OF tests/filesys/extended/dir-rm-parent FAILURE:

Test output failed to match any acceptable form.

Acceptable output:
  (dir-rm-parent) begin
  (dir-rm-parent) mkdir "a"
  (dir-rm-parent) chdir "a"
  (dir-rm-parent) mkdir "b"
  (dir-rm-parent) chdir "b"
  (dir-rm-parent) remove "/a" (must fail)
  (dir-rm-parent) end
Differences in `diff -u' format:
  (dir-rm-parent) begin
  (dir-rm-parent) mkdir "a"
- (dir-rm-parent) chdir "a"
- (dir-rm-parent) mkdir "b"
- (dir-rm-parent) chdir "b"
- (dir-rm-parent) remove "/a" (must fail)
- (dir-rm-parent) end

(Process exit codes are excluded for matching purposes.)

OUTPUT FROM tests/filesys/extended/dir-rm-parent:

Copying tests/filesys/extended/dir-rm-parent into /tmp/gXb3Pacc3C.dsk...
Copying tests/filesys/extended/tar into /tmp/gXb3Pacc3C.dsk...
Writing command line to /tmp/pZ9SkQ9A16.dsk...
warning: can't find squish-pty, so terminal input will fail
bochs -q
Kernel command line: -q -f put dir-rm-parent put tar run dir-rm-parent
Pintos booting with 4,096 kB RAM...
373 pages available in kernel pool.
373 pages available in user pool.
Calibrating timer...  204,600 loops/s.
hd0:0: detected 1,008 sector (504 kB) disk, model "Generic 1234", serial "BXHD00011"
hd0:1: detected 4,032 sector (1 MB) disk, model "Generic 1234", serial "BXHD00012"
hd1:0: detected 1,008 sector (504 kB) disk, model "Generic 1234", serial "BXHD00021"
hd1:1: detected 8,064 sector (3 MB) disk, model "Generic 1234", serial "BXHD00022"
Formatting file system...done.
Boot complete.
Putting 'dir-rm-parent' into the file system...
Putting 'tar' into the file system...
Executing 'dir-rm-parent':
(dir-rm-parent) begin
(dir-rm-parent) mkdir "a"
dir-rm-parent: exit(-1)
Execution of 'dir-rm-parent' complete.
Timer: 422 ticks
Thread: 30 idle ticks, 340 kernel ticks, 55 user ticks
hd0:0: 0 reads, 0 writes
hd0:1: 87 reads, 434 writes
hd1:0: 212 reads, 0 writes
hd1:1: 0 reads, 0 writes
Console: 999 characters output
Keyboard: 0 keys pressed
Exception: 5 page faults
Powering off...

- - - - - - - - - - - - - - - - - - - - - - - - - - - - - - - - - - - - - - 

DETAILS OF tests/filesys/extended/dir-empty-name-persistence FAILURE:

Prerequisite test tests/filesys/extended/dir-empty-name failed.

OUTPUT FROM tests/filesys/extended/dir-empty-name-persistence:

Writing command line to /tmp/Xz99V6j1oo.dsk...
warning: can't find squish-pty, so terminal input will fail
bochs -q
Kernel command line: -q run 'tar fs.tar /' get fs.tar
Pintos booting with 4,096 kB RAM...
373 pages available in kernel pool.
373 pages available in user pool.
Calibrating timer...  204,600 loops/s.
hd0:0: detected 1,008 sector (504 kB) disk, model "Generic 1234", serial "BXHD00011"
hd0:1: detected 4,032 sector (1 MB) disk, model "Generic 1234", serial "BXHD00012"
hd1:0: detected 3,024 sector (1 MB) disk, model "Generic 1234", serial "BXHD00021"
hd1:1: detected 8,064 sector (3 MB) disk, model "Generic 1234", serial "BXHD00022"
Boot complete.
Executing 'tar fs.tar /':
/: open failed
error writing archive
tar: exit(1)
Execution of 'tar fs.tar /' complete.
Getting 'fs.tar' from the file system...
Timer: 253 ticks
Thread: 30 idle ticks, 141 kernel ticks, 85 user ticks
hd0:0: 0 reads, 0 writes
hd0:1: 84 reads, 4 writes
hd1:0: 0 reads, 1 writes
hd1:1: 0 reads, 0 writes
Console: 876 characters output
Keyboard: 0 keys pressed
Exception: 4 page faults
Powering off...
Copying tests/filesys/extended/dir-empty-name.tar out of /tmp/Q09EAEjsmb.dsk...

- - - - - - - - - - - - - - - - - - - - - - - - - - - - - - - - - - - - - - 

DETAILS OF tests/filesys/extended/dir-mk-tree-persistence FAILURE:

Prerequisite test tests/filesys/extended/dir-mk-tree failed.

OUTPUT FROM tests/filesys/extended/dir-mk-tree-persistence:

Writing command line to /tmp/fPA5R3XKNN.dsk...
warning: can't find squish-pty, so terminal input will fail
bochs -q
Kernel command line: -q run 'tar fs.tar /' get fs.tar
Pintos booting with 4,096 kB RAM...
373 pages available in kernel pool.
373 pages available in user pool.
Calibrating timer...  204,600 loops/s.
hd0:0: detected 1,008 sector (504 kB) disk, model "Generic 1234", serial "BXHD00011"
hd0:1: detected 4,032 sector (1 MB) disk, model "Generic 1234", serial "BXHD00012"
hd1:0: detected 3,024 sector (1 MB) disk, model "Generic 1234", serial "BXHD00021"
hd1:1: detected 8,064 sector (3 MB) disk, model "Generic 1234", serial "BXHD00022"
Boot complete.
Executing 'tar fs.tar /':
/: open failed
error writing archive
tar: exit(1)
Execution of 'tar fs.tar /' complete.
Getting 'fs.tar' from the file system...
Timer: 253 ticks
Thread: 30 idle ticks, 141 kernel ticks, 85 user ticks
hd0:0: 0 reads, 0 writes
hd0:1: 84 reads, 4 writes
hd1:0: 0 reads, 1 writes
hd1:1: 0 reads, 0 writes
Console: 876 characters output
Keyboard: 0 keys pressed
Exception: 4 page faults
Powering off...
Copying tests/filesys/extended/dir-mk-tree.tar out of /tmp/3oC4xC0CRL.dsk...

- - - - - - - - - - - - - - - - - - - - - - - - - - - - - - - - - - - - - - 

DETAILS OF tests/filesys/extended/dir-mkdir-persistence FAILURE:

Prerequisite test tests/filesys/extended/dir-mkdir failed.

OUTPUT FROM tests/filesys/extended/dir-mkdir-persistence:

Writing command line to /tmp/wOr9Na7Mfc.dsk...
warning: can't find squish-pty, so terminal input will fail
bochs -q
Kernel command line: -q run 'tar fs.tar /' get fs.tar
Pintos booting with 4,096 kB RAM...
373 pages available in kernel pool.
373 pages available in user pool.
Calibrating timer...  204,600 loops/s.
hd0:0: detected 1,008 sector (504 kB) disk, model "Generic 1234", serial "BXHD00011"
hd0:1: detected 4,032 sector (1 MB) disk, model "Generic 1234", serial "BXHD00012"
hd1:0: detected 3,024 sector (1 MB) disk, model "Generic 1234", serial "BXHD00021"
hd1:1: detected 8,064 sector (3 MB) disk, model "Generic 1234", serial "BXHD00022"
Boot complete.
Executing 'tar fs.tar /':
/: open failed
error writing archive
tar: exit(1)
Execution of 'tar fs.tar /' complete.
Getting 'fs.tar' from the file system...
Timer: 253 ticks
Thread: 30 idle ticks, 141 kernel ticks, 85 user ticks
hd0:0: 0 reads, 0 writes
hd0:1: 84 reads, 4 writes
hd1:0: 0 reads, 1 writes
hd1:1: 0 reads, 0 writes
Console: 876 characters output
Keyboard: 0 keys pressed
Exception: 4 page faults
Powering off...
Copying tests/filesys/extended/dir-mkdir.tar out of /tmp/TlNClEe7Vf.dsk...

- - - - - - - - - - - - - - - - - - - - - - - - - - - - - - - - - - - - - - 

DETAILS OF tests/filesys/extended/dir-open-persistence FAILURE:

Prerequisite test tests/filesys/extended/dir-open failed.

OUTPUT FROM tests/filesys/extended/dir-open-persistence:

Writing command line to /tmp/dzvkvLuWug.dsk...
warning: can't find squish-pty, so terminal input will fail
bochs -q
Kernel command line: -q run 'tar fs.tar /' get fs.tar
Pintos booting with 4,096 kB RAM...
373 pages available in kernel pool.
373 pages available in user pool.
Calibrating timer...  204,600 loops/s.
hd0:0: detected 1,008 sector (504 kB) disk, model "Generic 1234", serial "BXHD00011"
hd0:1: detected 4,032 sector (1 MB) disk, model "Generic 1234", serial "BXHD00012"
hd1:0: detected 3,024 sector (1 MB) disk, model "Generic 1234", serial "BXHD00021"
hd1:1: detected 8,064 sector (3 MB) disk, model "Generic 1234", serial "BXHD00022"
Boot complete.
Executing 'tar fs.tar /':
/: open failed
error writing archive
tar: exit(1)
Execution of 'tar fs.tar /' complete.
Getting 'fs.tar' from the file system...
Timer: 253 ticks
Thread: 30 idle ticks, 141 kernel ticks, 85 user ticks
hd0:0: 0 reads, 0 writes
hd0:1: 84 reads, 4 writes
hd1:0: 0 reads, 1 writes
hd1:1: 0 reads, 0 writes
Console: 876 characters output
Keyboard: 0 keys pressed
Exception: 4 page faults
Powering off...
Copying tests/filesys/extended/dir-open.tar out of /tmp/qkgwukCLP7.dsk...

- - - - - - - - - - - - - - - - - - - - - - - - - - - - - - - - - - - - - - 

DETAILS OF tests/filesys/extended/dir-over-file-persistence FAILURE:

Prerequisite test tests/filesys/extended/dir-over-file failed.

OUTPUT FROM tests/filesys/extended/dir-over-file-persistence:

Writing command line to /tmp/t40LWFBsbr.dsk...
warning: can't find squish-pty, so terminal input will fail
bochs -q
Kernel command line: -q run 'tar fs.tar /' get fs.tar
Pintos booting with 4,096 kB RAM...
373 pages available in kernel pool.
373 pages available in user pool.
Calibrating timer...  204,600 loops/s.
hd0:0: detected 1,008 sector (504 kB) disk, model "Generic 1234", serial "BXHD00011"
hd0:1: detected 4,032 sector (1 MB) disk, model "Generic 1234", serial "BXHD00012"
hd1:0: detected 3,024 sector (1 MB) disk, model "Generic 1234", serial "BXHD00021"
hd1:1: detected 8,064 sector (3 MB) disk, model "Generic 1234", serial "BXHD00022"
Boot complete.
Executing 'tar fs.tar /':
/: open failed
error writing archive
tar: exit(1)
Execution of 'tar fs.tar /' complete.
Getting 'fs.tar' from the file system...
Timer: 253 ticks
Thread: 30 idle ticks, 141 kernel ticks, 85 user ticks
hd0:0: 0 reads, 0 writes
hd0:1: 84 reads, 4 writes
hd1:0: 0 reads, 1 writes
hd1:1: 0 reads, 0 writes
Console: 876 characters output
Keyboard: 0 keys pressed
Exception: 4 page faults
Powering off...
Copying tests/filesys/extended/dir-over-file.tar out of /tmp/dkNwxCcA3V.dsk...

- - - - - - - - - - - - - - - - - - - - - - - - - - - - - - - - - - - - - - 

DETAILS OF tests/filesys/extended/dir-rm-cwd-persistence FAILURE:

Prerequisite test tests/filesys/extended/dir-rm-cwd failed.

OUTPUT FROM tests/filesys/extended/dir-rm-cwd-persistence:

Writing command line to /tmp/d3UePFKUyL.dsk...
warning: can't find squish-pty, so terminal input will fail
bochs -q
Kernel command line: -q run 'tar fs.tar /' get fs.tar
Pintos booting with 4,096 kB RAM...
373 pages available in kernel pool.
373 pages available in user pool.
Calibrating timer...  204,600 loops/s.
hd0:0: detected 1,008 sector (504 kB) disk, model "Generic 1234", serial "BXHD00011"
hd0:1: detected 4,032 sector (1 MB) disk, model "Generic 1234", serial "BXHD00012"
hd1:0: detected 3,024 sector (1 MB) disk, model "Generic 1234", serial "BXHD00021"
hd1:1: detected 8,064 sector (3 MB) disk, model "Generic 1234", serial "BXHD00022"
Boot complete.
Executing 'tar fs.tar /':
/: open failed
error writing archive
tar: exit(1)
Execution of 'tar fs.tar /' complete.
Getting 'fs.tar' from the file system...
Timer: 253 ticks
Thread: 30 idle ticks, 141 kernel ticks, 85 user ticks
hd0:0: 0 reads, 0 writes
hd0:1: 84 reads, 4 writes
hd1:0: 0 reads, 1 writes
hd1:1: 0 reads, 0 writes
Console: 876 characters output
Keyboard: 0 keys pressed
Exception: 4 page faults
Powering off...
Copying tests/filesys/extended/dir-rm-cwd.tar out of /tmp/ElAIDjpv5b.dsk...

- - - - - - - - - - - - - - - - - - - - - - - - - - - - - - - - - - - - - - 

DETAILS OF tests/filesys/extended/dir-rm-parent-persistence FAILURE:

Prerequisite test tests/filesys/extended/dir-rm-parent failed.

OUTPUT FROM tests/filesys/extended/dir-rm-parent-persistence:

Writing command line to /tmp/JlzSDGBLVS.dsk...
warning: can't find squish-pty, so terminal input will fail
bochs -q
Kernel command line: -q run 'tar fs.tar /' get fs.tar
Pintos booting with 4,096 kB RAM...
373 pages available in kernel pool.
373 pages available in user pool.
Calibrating timer...  204,600 loops/s.
hd0:0: detected 1,008 sector (504 kB) disk, model "Generic 1234", serial "BXHD00011"
hd0:1: detected 4,032 sector (1 MB) disk, model "Generic 1234", serial "BXHD00012"
hd1:0: detected 3,024 sector (1 MB) disk, model "Generic 1234", serial "BXHD00021"
hd1:1: detected 8,064 sector (3 MB) disk, model "Generic 1234", serial "BXHD00022"
Boot complete.
Executing 'tar fs.tar /':
/: open failed
error writing archive
tar: exit(1)
Execution of 'tar fs.tar /' complete.
Getting 'fs.tar' from the file system...
Timer: 253 ticks
Thread: 30 idle ticks, 141 kernel ticks, 85 user ticks
hd0:0: 0 reads, 0 writes
hd0:1: 84 reads, 4 writes
hd1:0: 0 reads, 1 writes
hd1:1: 0 reads, 0 writes
Console: 876 characters output
Keyboard: 0 keys pressed
Exception: 4 page faults
Powering off...
Copying tests/filesys/extended/dir-rm-parent.tar out of /tmp/5CLgY4pbrH.dsk...

- - - - - - - - - - - - - - - - - - - - - - - - - - - - - - - - - - - - - - 

DETAILS OF tests/filesys/extended/dir-rm-root-persistence FAILURE:

Error extracting file system:
/: open failed
error writing archive

OUTPUT FROM tests/filesys/extended/dir-rm-root-persistence:

Writing command line to /tmp/nJeu9EqFvM.dsk...
warning: can't find squish-pty, so terminal input will fail
bochs -q
Kernel command line: -q run 'tar fs.tar /' get fs.tar
Pintos booting with 4,096 kB RAM...
373 pages available in kernel pool.
373 pages available in user pool.
Calibrating timer...  204,600 loops/s.
hd0:0: detected 1,008 sector (504 kB) disk, model "Generic 1234", serial "BXHD00011"
hd0:1: detected 4,032 sector (1 MB) disk, model "Generic 1234", serial "BXHD00012"
hd1:0: detected 3,024 sector (1 MB) disk, model "Generic 1234", serial "BXHD00021"
hd1:1: detected 8,064 sector (3 MB) disk, model "Generic 1234", serial "BXHD00022"
Boot complete.
Executing 'tar fs.tar /':
/: open failed
error writing archive
tar: exit(1)
Execution of 'tar fs.tar /' complete.
Getting 'fs.tar' from the file system...
Timer: 255 ticks
Thread: 30 idle ticks, 142 kernel ticks, 86 user ticks
hd0:0: 0 reads, 0 writes
hd0:1: 87 reads, 4 writes
hd1:0: 0 reads, 1 writes
hd1:1: 0 reads, 0 writes
Console: 876 characters output
Keyboard: 0 keys pressed
Exception: 4 page faults
Powering off...
Copying tests/filesys/extended/dir-rm-root.tar out of /tmp/EIZkUSP7qX.dsk...

- - - - - - - - - - - - - - - - - - - - - - - - - - - - - - - - - - - - - - 

DETAILS OF tests/filesys/extended/dir-rm-tree-persistence FAILURE:

Prerequisite test tests/filesys/extended/dir-rm-tree failed.

OUTPUT FROM tests/filesys/extended/dir-rm-tree-persistence:

Writing command line to /tmp/QTdSnO5jim.dsk...
warning: can't find squish-pty, so terminal input will fail
bochs -q
Kernel command line: -q run 'tar fs.tar /' get fs.tar
Pintos booting with 4,096 kB RAM...
373 pages available in kernel pool.
373 pages available in user pool.
Calibrating timer...  204,600 loops/s.
hd0:0: detected 1,008 sector (504 kB) disk, model "Generic 1234", serial "BXHD00011"
hd0:1: detected 4,032 sector (1 MB) disk, model "Generic 1234", serial "BXHD00012"
hd1:0: detected 3,024 sector (1 MB) disk, model "Generic 1234", serial "BXHD00021"
hd1:1: detected 8,064 sector (3 MB) disk, model "Generic 1234", serial "BXHD00022"
Boot complete.
Executing 'tar fs.tar /':
/: open failed
error writing archive
tar: exit(1)
Execution of 'tar fs.tar /' complete.
Getting 'fs.tar' from the file system...
Timer: 253 ticks
Thread: 30 idle ticks, 141 kernel ticks, 85 user ticks
hd0:0: 0 reads, 0 writes
hd0:1: 84 reads, 4 writes
hd1:0: 0 reads, 1 writes
hd1:1: 0 reads, 0 writes
Console: 876 characters output
Keyboard: 0 keys pressed
Exception: 4 page faults
Powering off...
Copying tests/filesys/extended/dir-rm-tree.tar out of /tmp/VshzGc3FI6.dsk...

- - - - - - - - - - - - - - - - - - - - - - - - - - - - - - - - - - - - - - 

DETAILS OF tests/filesys/extended/dir-rmdir-persistence FAILURE:

Prerequisite test tests/filesys/extended/dir-rmdir failed.

OUTPUT FROM tests/filesys/extended/dir-rmdir-persistence:

Writing command line to /tmp/Byc13aRaQA.dsk...
warning: can't find squish-pty, so terminal input will fail
bochs -q
Kernel command line: -q run 'tar fs.tar /' get fs.tar
Pintos booting with 4,096 kB RAM...
373 pages available in kernel pool.
373 pages available in user pool.
Calibrating timer...  204,600 loops/s.
hd0:0: detected 1,008 sector (504 kB) disk, model "Generic 1234", serial "BXHD00011"
hd0:1: detected 4,032 sector (1 MB) disk, model "Generic 1234", serial "BXHD00012"
hd1:0: detected 3,024 sector (1 MB) disk, model "Generic 1234", serial "BXHD00021"
hd1:1: detected 8,064 sector (3 MB) disk, model "Generic 1234", serial "BXHD00022"
Boot complete.
Executing 'tar fs.tar /':
/: open failed
error writing archive
tar: exit(1)
Execution of 'tar fs.tar /' complete.
Getting 'fs.tar' from the file system...
Timer: 253 ticks
Thread: 30 idle ticks, 141 kernel ticks, 85 user ticks
hd0:0: 0 reads, 0 writes
hd0:1: 84 reads, 4 writes
hd1:0: 0 reads, 1 writes
hd1:1: 0 reads, 0 writes
Console: 876 characters output
Keyboard: 0 keys pressed
Exception: 4 page faults
Powering off...
Copying tests/filesys/extended/dir-rmdir.tar out of /tmp/XrVa6uSbNx.dsk...

- - - - - - - - - - - - - - - - - - - - - - - - - - - - - - - - - - - - - - 

DETAILS OF tests/filesys/extended/dir-under-file-persistence FAILURE:

Prerequisite test tests/filesys/extended/dir-under-file failed.

OUTPUT FROM tests/filesys/extended/dir-under-file-persistence:

Writing command line to /tmp/N1KTEOAsWx.dsk...
warning: can't find squish-pty, so terminal input will fail
bochs -q
Kernel command line: -q run 'tar fs.tar /' get fs.tar
Pintos booting with 4,096 kB RAM...
373 pages available in kernel pool.
373 pages available in user pool.
Calibrating timer...  204,600 loops/s.
hd0:0: detected 1,008 sector (504 kB) disk, model "Generic 1234", serial "BXHD00011"
hd0:1: detected 4,032 sector (1 MB) disk, model "Generic 1234", serial "BXHD00012"
hd1:0: detected 3,024 sector (1 MB) disk, model "Generic 1234", serial "BXHD00021"
hd1:1: detected 8,064 sector (3 MB) disk, model "Generic 1234", serial "BXHD00022"
Boot complete.
Executing 'tar fs.tar /':
/: open failed
error writing archive
tar: exit(1)
Execution of 'tar fs.tar /' complete.
Getting 'fs.tar' from the file system...
Timer: 255 ticks
Thread: 30 idle ticks, 142 kernel ticks, 86 user ticks
hd0:0: 0 reads, 0 writes
hd0:1: 87 reads, 4 writes
hd1:0: 0 reads, 1 writes
hd1:1: 0 reads, 0 writes
Console: 876 characters output
Keyboard: 0 keys pressed
Exception: 4 page faults
Powering off...
Copying tests/filesys/extended/dir-under-file.tar out of /tmp/sykmhQqO7W.dsk...

- - - - - - - - - - - - - - - - - - - - - - - - - - - - - - - - - - - - - - 

DETAILS OF tests/filesys/extended/dir-vine-persistence FAILURE:

Prerequisite test tests/filesys/extended/dir-vine failed.

OUTPUT FROM tests/filesys/extended/dir-vine-persistence:

Writing command line to /tmp/5KnsJs2MJt.dsk...
warning: can't find squish-pty, so terminal input will fail
bochs -q
Kernel command line: -q run 'tar fs.tar /' get fs.tar
Pintos booting with 4,096 kB RAM...
373 pages available in kernel pool.
373 pages available in user pool.
Calibrating timer...  204,600 loops/s.
hd0:0: detected 1,008 sector (504 kB) disk, model "Generic 1234", serial "BXHD00011"
hd0:1: detected 4,032 sector (1 MB) disk, model "Generic 1234", serial "BXHD00012"
hd1:0: detected 3,024 sector (1 MB) disk, model "Generic 1234", serial "BXHD00021"
hd1:1: detected 8,064 sector (3 MB) disk, model "Generic 1234", serial "BXHD00022"
Boot complete.
Executing 'tar fs.tar /':
/: open failed
error writing archive
tar: exit(1)
Execution of 'tar fs.tar /' complete.
Getting 'fs.tar' from the file system...
Timer: 253 ticks
Thread: 30 idle ticks, 141 kernel ticks, 85 user ticks
hd0:0: 0 reads, 0 writes
hd0:1: 84 reads, 4 writes
hd1:0: 0 reads, 1 writes
hd1:1: 0 reads, 0 writes
Console: 876 characters output
Keyboard: 0 keys pressed
Exception: 4 page faults
Powering off...
Copying tests/filesys/extended/dir-vine.tar out of /tmp/JfTXWMPe5q.dsk...

- - - - - - - - - - - - - - - - - - - - - - - - - - - - - - - - - - - - - - 

DETAILS OF tests/filesys/extended/grow-create-persistence FAILURE:

Error extracting file system:
/: open failed
error writing archive

OUTPUT FROM tests/filesys/extended/grow-create-persistence:

Writing command line to /tmp/4wJs6QK6yV.dsk...
warning: can't find squish-pty, so terminal input will fail
bochs -q
Kernel command line: -q run 'tar fs.tar /' get fs.tar
Pintos booting with 4,096 kB RAM...
373 pages available in kernel pool.
373 pages available in user pool.
Calibrating timer...  204,600 loops/s.
hd0:0: detected 1,008 sector (504 kB) disk, model "Generic 1234", serial "BXHD00011"
hd0:1: detected 4,032 sector (1 MB) disk, model "Generic 1234", serial "BXHD00012"
hd1:0: detected 3,024 sector (1 MB) disk, model "Generic 1234", serial "BXHD00021"
hd1:1: detected 8,064 sector (3 MB) disk, model "Generic 1234", serial "BXHD00022"
Boot complete.
Executing 'tar fs.tar /':
/: open failed
error writing archive
tar: exit(1)
Execution of 'tar fs.tar /' complete.
Getting 'fs.tar' from the file system...
Timer: 255 ticks
Thread: 30 idle ticks, 142 kernel ticks, 86 user ticks
hd0:0: 0 reads, 0 writes
hd0:1: 87 reads, 4 writes
hd1:0: 0 reads, 1 writes
hd1:1: 0 reads, 0 writes
Console: 876 characters output
Keyboard: 0 keys pressed
Exception: 4 page faults
Powering off...
Copying tests/filesys/extended/grow-create.tar out of /tmp/5WHVUcO9se.dsk...

- - - - - - - - - - - - - - - - - - - - - - - - - - - - - - - - - - - - - - 

DETAILS OF tests/filesys/extended/grow-dir-lg-persistence FAILURE:

Prerequisite test tests/filesys/extended/grow-dir-lg failed.

OUTPUT FROM tests/filesys/extended/grow-dir-lg-persistence:

Writing command line to /tmp/HYjGq689xn.dsk...
warning: can't find squish-pty, so terminal input will fail
bochs -q
Kernel command line: -q run 'tar fs.tar /' get fs.tar
Pintos booting with 4,096 kB RAM...
373 pages available in kernel pool.
373 pages available in user pool.
Calibrating timer...  204,600 loops/s.
hd0:0: detected 1,008 sector (504 kB) disk, model "Generic 1234", serial "BXHD00011"
hd0:1: detected 4,032 sector (1 MB) disk, model "Generic 1234", serial "BXHD00012"
hd1:0: detected 3,024 sector (1 MB) disk, model "Generic 1234", serial "BXHD00021"
hd1:1: detected 8,064 sector (3 MB) disk, model "Generic 1234", serial "BXHD00022"
Boot complete.
Executing 'tar fs.tar /':
/: open failed
error writing archive
tar: exit(1)
Execution of 'tar fs.tar /' complete.
Getting 'fs.tar' from the file system...
Timer: 253 ticks
Thread: 30 idle ticks, 141 kernel ticks, 85 user ticks
hd0:0: 0 reads, 0 writes
hd0:1: 84 reads, 4 writes
hd1:0: 0 reads, 1 writes
hd1:1: 0 reads, 0 writes
Console: 876 characters output
Keyboard: 0 keys pressed
Exception: 4 page faults
Powering off...
Copying tests/filesys/extended/grow-dir-lg.tar out of /tmp/eLTnxChVFr.dsk...

- - - - - - - - - - - - - - - - - - - - - - - - - - - - - - - - - - - - - - 

DETAILS OF tests/filesys/extended/grow-file-size-persistence FAILURE:

Prerequisite test tests/filesys/extended/grow-file-size failed.

OUTPUT FROM tests/filesys/extended/grow-file-size-persistence:

Writing command line to /tmp/z7qflBmnZr.dsk...
warning: can't find squish-pty, so terminal input will fail
bochs -q
Kernel command line: -q run 'tar fs.tar /' get fs.tar
Pintos booting with 4,096 kB RAM...
373 pages available in kernel pool.
373 pages available in user pool.
Calibrating timer...  204,600 loops/s.
hd0:0: detected 1,008 sector (504 kB) disk, model "Generic 1234", serial "BXHD00011"
hd0:1: detected 4,032 sector (1 MB) disk, model "Generic 1234", serial "BXHD00012"
hd1:0: detected 3,024 sector (1 MB) disk, model "Generic 1234", serial "BXHD00021"
hd1:1: detected 8,064 sector (3 MB) disk, model "Generic 1234", serial "BXHD00022"
Boot complete.
Executing 'tar fs.tar /':
/: open failed
error writing archive
tar: exit(1)
Execution of 'tar fs.tar /' complete.
Getting 'fs.tar' from the file system...
Timer: 255 ticks
Thread: 30 idle ticks, 142 kernel ticks, 86 user ticks
hd0:0: 0 reads, 0 writes
hd0:1: 87 reads, 4 writes
hd1:0: 0 reads, 1 writes
hd1:1: 0 reads, 0 writes
Console: 876 characters output
Keyboard: 0 keys pressed
Exception: 4 page faults
Powering off...
Copying tests/filesys/extended/grow-file-size.tar out of /tmp/fgLFSlxgQR.dsk...

- - - - - - - - - - - - - - - - - - - - - - - - - - - - - - - - - - - - - - 

DETAILS OF tests/filesys/extended/grow-root-lg-persistence FAILURE:

Prerequisite test tests/filesys/extended/grow-root-lg failed.

OUTPUT FROM tests/filesys/extended/grow-root-lg-persistence:

Writing command line to /tmp/3jP9hWINwx.dsk...
warning: can't find squish-pty, so terminal input will fail
bochs -q
Kernel command line: -q run 'tar fs.tar /' get fs.tar
Pintos booting with 4,096 kB RAM...
373 pages available in kernel pool.
373 pages available in user pool.
Calibrating timer...  204,600 loops/s.
hd0:0: detected 1,008 sector (504 kB) disk, model "Generic 1234", serial "BXHD00011"
hd0:1: detected 4,032 sector (1 MB) disk, model "Generic 1234", serial "BXHD00012"
hd1:0: detected 3,024 sector (1 MB) disk, model "Generic 1234", serial "BXHD00021"
hd1:1: detected 8,064 sector (3 MB) disk, model "Generic 1234", serial "BXHD00022"
Boot complete.
Executing 'tar fs.tar /':
fs.tar: create failed
tar: exit(1)
Execution of 'tar fs.tar /' complete.
Getting 'fs.tar' from the file system...
Kernel PANIC at ../../filesys/fsutil.c:167 in fsutil_get(): fs.tar: open failed
Call stack: 0xc01079fc 0xc010d696 0xc01006e4.
The `backtrace' program can make call stacks useful.
Read "Backtraces" in the "Debugging Tools" chapter
of the Pintos documentation for more information.
Timer: 237 ticks
Thread: 30 idle ticks, 141 kernel ticks, 66 user ticks
hd0:0: 0 reads, 0 writes
hd0:1: 87 reads, 4 writes
hd1:0: 0 reads, 0 writes
hd1:1: 0 reads, 0 writes
Console: 1141 characters output
Keyboard: 0 keys pressed
Exception: 3 page faults
Powering off...
Copying tests/filesys/extended/grow-root-lg.tar out of /tmp/kFOHMCISJ4.dsk...

- - - - - - - - - - - - - - - - - - - - - - - - - - - - - - - - - - - - - - 

DETAILS OF tests/filesys/extended/grow-root-sm-persistence FAILURE:

Prerequisite test tests/filesys/extended/grow-root-sm failed.

OUTPUT FROM tests/filesys/extended/grow-root-sm-persistence:

Writing command line to /tmp/j3eBvvEtUL.dsk...
warning: can't find squish-pty, so terminal input will fail
bochs -q
Kernel command line: -q run 'tar fs.tar /' get fs.tar
Pintos booting with 4,096 kB RAM...
373 pages available in kernel pool.
373 pages available in user pool.
Calibrating timer...  204,600 loops/s.
hd0:0: detected 1,008 sector (504 kB) disk, model "Generic 1234", serial "BXHD00011"
hd0:1: detected 4,032 sector (1 MB) disk, model "Generic 1234", serial "BXHD00012"
hd1:0: detected 3,024 sector (1 MB) disk, model "Generic 1234", serial "BXHD00021"
hd1:1: detected 8,064 sector (3 MB) disk, model "Generic 1234", serial "BXHD00022"
Boot complete.
Executing 'tar fs.tar /':
fs.tar: create failed
tar: exit(1)
Execution of 'tar fs.tar /' complete.
Getting 'fs.tar' from the file system...
Kernel PANIC at ../../filesys/fsutil.c:167 in fsutil_get(): fs.tar: open failed
Call stack: 0xc01079fc 0xc010d696 0xc01006e4.
The `backtrace' program can make call stacks useful.
Read "Backtraces" in the "Debugging Tools" chapter
of the Pintos documentation for more information.
Timer: 237 ticks
Thread: 30 idle ticks, 141 kernel ticks, 66 user ticks
hd0:0: 0 reads, 0 writes
hd0:1: 87 reads, 4 writes
hd1:0: 0 reads, 0 writes
hd1:1: 0 reads, 0 writes
Console: 1141 characters output
Keyboard: 0 keys pressed
Exception: 3 page faults
Powering off...
Copying tests/filesys/extended/grow-root-sm.tar out of /tmp/2xhoFd7LKU.dsk...

- - - - - - - - - - - - - - - - - - - - - - - - - - - - - - - - - - - - - - 

DETAILS OF tests/filesys/extended/grow-seq-lg-persistence FAILURE:

Prerequisite test tests/filesys/extended/grow-seq-lg failed.

OUTPUT FROM tests/filesys/extended/grow-seq-lg-persistence:

Writing command line to /tmp/yrRAgUmh1P.dsk...
warning: can't find squish-pty, so terminal input will fail
bochs -q
Kernel command line: -q run 'tar fs.tar /' get fs.tar
Pintos booting with 4,096 kB RAM...
373 pages available in kernel pool.
373 pages available in user pool.
Calibrating timer...  204,600 loops/s.
hd0:0: detected 1,008 sector (504 kB) disk, model "Generic 1234", serial "BXHD00011"
hd0:1: detected 4,032 sector (1 MB) disk, model "Generic 1234", serial "BXHD00012"
hd1:0: detected 3,024 sector (1 MB) disk, model "Generic 1234", serial "BXHD00021"
hd1:1: detected 8,064 sector (3 MB) disk, model "Generic 1234", serial "BXHD00022"
Boot complete.
Executing 'tar fs.tar /':
/: open failed
error writing archive
tar: exit(1)
Execution of 'tar fs.tar /' complete.
Getting 'fs.tar' from the file system...
Timer: 255 ticks
Thread: 30 idle ticks, 142 kernel ticks, 86 user ticks
hd0:0: 0 reads, 0 writes
hd0:1: 87 reads, 4 writes
hd1:0: 0 reads, 1 writes
hd1:1: 0 reads, 0 writes
Console: 876 characters output
Keyboard: 0 keys pressed
Exception: 4 page faults
Powering off...
Copying tests/filesys/extended/grow-seq-lg.tar out of /tmp/Y6CTQZITDm.dsk...

- - - - - - - - - - - - - - - - - - - - - - - - - - - - - - - - - - - - - - 

DETAILS OF tests/filesys/extended/grow-seq-sm-persistence FAILURE:

Prerequisite test tests/filesys/extended/grow-seq-sm failed.

OUTPUT FROM tests/filesys/extended/grow-seq-sm-persistence:

Writing command line to /tmp/hVZ2F9gtqy.dsk...
warning: can't find squish-pty, so terminal input will fail
bochs -q
Kernel command line: -q run 'tar fs.tar /' get fs.tar
Pintos booting with 4,096 kB RAM...
373 pages available in kernel pool.
373 pages available in user pool.
Calibrating timer...  204,600 loops/s.
hd0:0: detected 1,008 sector (504 kB) disk, model "Generic 1234", serial "BXHD00011"
hd0:1: detected 4,032 sector (1 MB) disk, model "Generic 1234", serial "BXHD00012"
hd1:0: detected 3,024 sector (1 MB) disk, model "Generic 1234", serial "BXHD00021"
hd1:1: detected 8,064 sector (3 MB) disk, model "Generic 1234", serial "BXHD00022"
Boot complete.
Executing 'tar fs.tar /':
/: open failed
error writing archive
tar: exit(1)
Execution of 'tar fs.tar /' complete.
Getting 'fs.tar' from the file system...
Timer: 255 ticks
Thread: 30 idle ticks, 142 kernel ticks, 86 user ticks
hd0:0: 0 reads, 0 writes
hd0:1: 87 reads, 4 writes
hd1:0: 0 reads, 1 writes
hd1:1: 0 reads, 0 writes
Console: 876 characters output
Keyboard: 0 keys pressed
Exception: 4 page faults
Powering off...
Copying tests/filesys/extended/grow-seq-sm.tar out of /tmp/psRsqmDmEH.dsk...

- - - - - - - - - - - - - - - - - - - - - - - - - - - - - - - - - - - - - - 

DETAILS OF tests/filesys/extended/grow-sparse-persistence FAILURE:

Prerequisite test tests/filesys/extended/grow-sparse failed.

OUTPUT FROM tests/filesys/extended/grow-sparse-persistence:

Writing command line to /tmp/e7zU33FsHh.dsk...
warning: can't find squish-pty, so terminal input will fail
bochs -q
Kernel command line: -q run 'tar fs.tar /' get fs.tar
Pintos booting with 4,096 kB RAM...
373 pages available in kernel pool.
373 pages available in user pool.
Calibrating timer...  204,600 loops/s.
hd0:0: detected 1,008 sector (504 kB) disk, model "Generic 1234", serial "BXHD00011"
hd0:1: detected 4,032 sector (1 MB) disk, model "Generic 1234", serial "BXHD00012"
hd1:0: detected 3,024 sector (1 MB) disk, model "Generic 1234", serial "BXHD00021"
hd1:1: detected 8,064 sector (3 MB) disk, model "Generic 1234", serial "BXHD00022"
Boot complete.
Executing 'tar fs.tar /':
/: open failed
error writing archive
tar: exit(1)
Execution of 'tar fs.tar /' complete.
Getting 'fs.tar' from the file system...
Timer: 255 ticks
Thread: 30 idle ticks, 142 kernel ticks, 86 user ticks
hd0:0: 0 reads, 0 writes
hd0:1: 87 reads, 4 writes
hd1:0: 0 reads, 1 writes
hd1:1: 0 reads, 0 writes
Console: 876 characters output
Keyboard: 0 keys pressed
Exception: 4 page faults
Powering off...
Copying tests/filesys/extended/grow-sparse.tar out of /tmp/6rPGOsWRfM.dsk...

- - - - - - - - - - - - - - - - - - - - - - - - - - - - - - - - - - - - - - 

DETAILS OF tests/filesys/extended/grow-tell-persistence FAILURE:

Prerequisite test tests/filesys/extended/grow-tell failed.

OUTPUT FROM tests/filesys/extended/grow-tell-persistence:

Writing command line to /tmp/1tCyx1HFOo.dsk...
warning: can't find squish-pty, so terminal input will fail
bochs -q
Kernel command line: -q run 'tar fs.tar /' get fs.tar
Pintos booting with 4,096 kB RAM...
373 pages available in kernel pool.
373 pages available in user pool.
Calibrating timer...  204,600 loops/s.
hd0:0: detected 1,008 sector (504 kB) disk, model "Generic 1234", serial "BXHD00011"
hd0:1: detected 4,032 sector (1 MB) disk, model "Generic 1234", serial "BXHD00012"
hd1:0: detected 3,024 sector (1 MB) disk, model "Generic 1234", serial "BXHD00021"
hd1:1: detected 8,064 sector (3 MB) disk, model "Generic 1234", serial "BXHD00022"
Boot complete.
Executing 'tar fs.tar /':
/: open failed
error writing archive
tar: exit(1)
Execution of 'tar fs.tar /' complete.
Getting 'fs.tar' from the file system...
Timer: 255 ticks
Thread: 30 idle ticks, 142 kernel ticks, 86 user ticks
hd0:0: 0 reads, 0 writes
hd0:1: 87 reads, 4 writes
hd1:0: 0 reads, 1 writes
hd1:1: 0 reads, 0 writes
Console: 876 characters output
Keyboard: 0 keys pressed
Exception: 4 page faults
Powering off...
Copying tests/filesys/extended/grow-tell.tar out of /tmp/PdzuZKmb8w.dsk...

- - - - - - - - - - - - - - - - - - - - - - - - - - - - - - - - - - - - - - 

DETAILS OF tests/filesys/extended/grow-two-files-persistence FAILURE:

Prerequisite test tests/filesys/extended/grow-two-files failed.

OUTPUT FROM tests/filesys/extended/grow-two-files-persistence:

Writing command line to /tmp/UOAOXOwlWa.dsk...
warning: can't find squish-pty, so terminal input will fail
bochs -q
Kernel command line: -q run 'tar fs.tar /' get fs.tar
Pintos booting with 4,096 kB RAM...
373 pages available in kernel pool.
373 pages available in user pool.
Calibrating timer...  204,600 loops/s.
hd0:0: detected 1,008 sector (504 kB) disk, model "Generic 1234", serial "BXHD00011"
hd0:1: detected 4,032 sector (1 MB) disk, model "Generic 1234", serial "BXHD00012"
hd1:0: detected 3,024 sector (1 MB) disk, model "Generic 1234", serial "BXHD00021"
hd1:1: detected 8,064 sector (3 MB) disk, model "Generic 1234", serial "BXHD00022"
Boot complete.
Executing 'tar fs.tar /':
/: open failed
error writing archive
tar: exit(1)
Execution of 'tar fs.tar /' complete.
Getting 'fs.tar' from the file system...
Timer: 258 ticks
Thread: 30 idle ticks, 143 kernel ticks, 88 user ticks
hd0:0: 0 reads, 0 writes
hd0:1: 90 reads, 4 writes
hd1:0: 0 reads, 1 writes
hd1:1: 0 reads, 0 writes
Console: 876 characters output
Keyboard: 0 keys pressed
Exception: 4 page faults
Powering off...
Copying tests/filesys/extended/grow-two-files.tar out of /tmp/GqxiJNTb2R.dsk...

- - - - - - - - - - - - - - - - - - - - - - - - - - - - - - - - - - - - - - 

DETAILS OF tests/filesys/extended/syn-rw-persistence FAILURE:

Prerequisite test tests/filesys/extended/syn-rw failed.

OUTPUT FROM tests/filesys/extended/syn-rw-persistence:

Writing command line to /tmp/6XPG1skqcL.dsk...
warning: can't find squish-pty, so terminal input will fail
bochs -q
Kernel command line: -q run 'tar fs.tar /' get fs.tar
Pintos booting with 4,096 kB RAM...
373 pages available in kernel pool.
373 pages available in user pool.
Calibrating timer...  204,600 loops/s.
hd0:0: detected 1,008 sector (504 kB) disk, model "Generic 1234", serial "BXHD00011"
hd0:1: detected 4,032 sector (1 MB) disk, model "Generic 1234", serial "BXHD00012"
hd1:0: detected 3,024 sector (1 MB) disk, model "Generic 1234", serial "BXHD00021"
hd1:1: detected 8,064 sector (3 MB) disk, model "Generic 1234", serial "BXHD00022"
Boot complete.
Executing 'tar fs.tar /':
/: open failed
error writing archive
tar: exit(1)
Execution of 'tar fs.tar /' complete.
Getting 'fs.tar' from the file system...
Timer: 259 ticks
Thread: 30 idle ticks, 143 kernel ticks, 89 user ticks
hd0:0: 0 reads, 0 writes
hd0:1: 90 reads, 4 writes
hd1:0: 0 reads, 1 writes
hd1:1: 0 reads, 0 writes
Console: 876 characters output
Keyboard: 0 keys pressed
Exception: 4 page faults
Powering off...
Copying tests/filesys/extended/syn-rw.tar out of /tmp/ykD5UjVtI5.dsk...
